{"/home/hacker/repo/open-mercato/.workspace/worktrees/open-mercato/HCK-0087/packages/cli/src/lib/umes/list.ts": {"path":"/home/hacker/repo/open-mercato/.workspace/worktrees/open-mercato/HCK-0087/packages/cli/src/lib/umes/list.ts","all":false,"statementMap":{"0":{"start":{"line":1,"column":0},"end":{"line":1,"column":44}},"1":{"start":{"line":2,"column":0},"end":{"line":2,"column":45}},"2":{"start":{"line":3,"column":0},"end":{"line":3,"column":0}},"3":{"start":{"line":4,"column":0},"end":{"line":4,"column":52}},"4":{"start":{"line":5,"column":0},"end":{"line":5,"column":35}},"5":{"start":{"line":6,"column":0},"end":{"line":6,"column":47}},"6":{"start":{"line":7,"column":0},"end":{"line":7,"column":0}},"7":{"start":{"line":8,"column":0},"end":{"line":8,"column":64}},"8":{"start":{"line":9,"column":0},"end":{"line":9,"column":0}},"9":{"start":{"line":10,"column":0},"end":{"line":10,"column":35}},"10":{"start":{"line":11,"column":0},"end":{"line":11,"column":44}},"11":{"start":{"line":12,"column":0},"end":{"line":12,"column":10}},"12":{"start":{"line":13,"column":0},"end":{"line":13,"column":3}},"13":{"start":{"line":14,"column":0},"end":{"line":14,"column":0}},"14":{"start":{"line":15,"column":0},"end":{"line":15,"column":18}},"15":{"start":{"line":16,"column":0},"end":{"line":16,"column":28}},"16":{"start":{"line":17,"column":0},"end":{"line":17,"column":24}},"17":{"start":{"line":18,"column":0},"end":{"line":18,"column":20}},"18":{"start":{"line":19,"column":0},"end":{"line":19,"column":28}},"19":{"start":{"line":20,"column":0},"end":{"line":20,"column":32}},"20":{"start":{"line":21,"column":0},"end":{"line":21,"column":32}},"21":{"start":{"line":22,"column":0},"end":{"line":22,"column":0}},"22":{"start":{"line":23,"column":0},"end":{"line":23,"column":44}},"23":{"start":{"line":24,"column":0},"end":{"line":24,"column":25}},"24":{"start":{"line":25,"column":0},"end":{"line":25,"column":19}},"25":{"start":{"line":26,"column":0},"end":{"line":26,"column":15}},"26":{"start":{"line":27,"column":0},"end":{"line":27,"column":23}},"27":{"start":{"line":28,"column":0},"end":{"line":28,"column":35}},"28":{"start":{"line":29,"column":0},"end":{"line":29,"column":45}},"29":{"start":{"line":30,"column":0},"end":{"line":30,"column":5}},"30":{"start":{"line":31,"column":0},"end":{"line":31,"column":0}},"31":{"start":{"line":32,"column":0},"end":{"line":32,"column":18}},"32":{"start":{"line":33,"column":0},"end":{"line":33,"column":76}},"33":{"start":{"line":34,"column":0},"end":{"line":34,"column":70}},"34":{"start":{"line":35,"column":0},"end":{"line":35,"column":64}},"35":{"start":{"line":36,"column":0},"end":{"line":36,"column":79}},"36":{"start":{"line":37,"column":0},"end":{"line":37,"column":82}},"37":{"start":{"line":38,"column":0},"end":{"line":38,"column":85}},"38":{"start":{"line":39,"column":0},"end":{"line":39,"column":3}},"39":{"start":{"line":40,"column":0},"end":{"line":40,"column":0}},"40":{"start":{"line":41,"column":0},"end":{"line":41,"column":51}},"41":{"start":{"line":42,"column":0},"end":{"line":42,"column":211}},"42":{"start":{"line":43,"column":0},"end":{"line":43,"column":0}},"43":{"start":{"line":44,"column":0},"end":{"line":44,"column":14}},"44":{"start":{"line":45,"column":0},"end":{"line":45,"column":210}},"45":{"start":{"line":46,"column":0},"end":{"line":46,"column":3}},"46":{"start":{"line":47,"column":0},"end":{"line":47,"column":18}},"47":{"start":{"line":48,"column":0},"end":{"line":48,"column":0}},"48":{"start":{"line":49,"column":0},"end":{"line":49,"column":27}},"49":{"start":{"line":50,"column":0},"end":{"line":50,"column":16}},"50":{"start":{"line":51,"column":0},"end":{"line":51,"column":218}},"51":{"start":{"line":52,"column":0},"end":{"line":52,"column":5}},"52":{"start":{"line":53,"column":0},"end":{"line":53,"column":3}},"53":{"start":{"line":54,"column":0},"end":{"line":54,"column":0}},"54":{"start":{"line":55,"column":0},"end":{"line":55,"column":140}},"55":{"start":{"line":56,"column":0},"end":{"line":56,"column":1}}},"s":{"0":1,"1":1,"2":1,"3":1,"4":2,"5":2,"6":2,"7":2,"8":2,"9":2,"10":1,"11":1,"12":1,"13":1,"14":1,"15":1,"16":1,"17":1,"18":1,"19":1,"20":1,"21":1,"22":1,"23":2,"24":2,"25":2,"26":2,"27":2,"28":2,"29":2,"30":1,"31":1,"32":1,"33":1,"34":1,"35":1,"36":1,"37":1,"38":1,"39":1,"40":1,"41":1,"42":1,"43":1,"44":1,"45":1,"46":1,"47":1,"48":1,"49":2,"50":2,"51":2,"52":2,"53":1,"54":1,"55":1},"branchMap":{"0":{"type":"branch","line":4,"loc":{"start":{"line":4,"column":7},"end":{"line":56,"column":1}},"locations":[{"start":{"line":4,"column":7},"end":{"line":56,"column":1}}]},"1":{"type":"branch","line":10,"loc":{"start":{"line":10,"column":34},"end":{"line":56,"column":1}},"locations":[{"start":{"line":10,"column":34},"end":{"line":56,"column":1}}]},"2":{"type":"branch","line":49,"loc":{"start":{"line":49,"column":26},"end":{"line":53,"column":3}},"locations":[{"start":{"line":49,"column":26},"end":{"line":53,"column":3}}]},"3":{"type":"branch","line":8,"loc":{"start":{"line":8,"column":44},"end":{"line":8,"column":63}},"locations":[{"start":{"line":8,"column":44},"end":{"line":8,"column":63}}]},"4":{"type":"branch","line":23,"loc":{"start":{"line":23,"column":33},"end":{"line":30,"column":5}},"locations":[{"start":{"line":23,"column":33},"end":{"line":30,"column":5}}]},"5":{"type":"branch","line":29,"loc":{"start":{"line":29,"column":26},"end":{"line":29,"column":28}},"locations":[{"start":{"line":29,"column":26},"end":{"line":29,"column":28}}]},"6":{"type":"branch","line":29,"loc":{"start":{"line":29,"column":26},"end":{"line":29,"column":38}},"locations":[{"start":{"line":29,"column":26},"end":{"line":29,"column":38}}]},"7":{"type":"branch","line":29,"loc":{"start":{"line":29,"column":38},"end":{"line":29,"column":42}},"locations":[{"start":{"line":29,"column":38},"end":{"line":29,"column":42}}]},"8":{"type":"branch","line":29,"loc":{"start":{"line":29,"column":38},"end":{"line":29,"column":44}},"locations":[{"start":{"line":29,"column":38},"end":{"line":29,"column":44}}]},"9":{"type":"branch","line":33,"loc":{"start":{"line":33,"column":51},"end":{"line":33,"column":73}},"locations":[{"start":{"line":33,"column":51},"end":{"line":33,"column":73}}]},"10":{"type":"branch","line":34,"loc":{"start":{"line":34,"column":47},"end":{"line":34,"column":67}},"locations":[{"start":{"line":34,"column":47},"end":{"line":34,"column":67}}]},"11":{"type":"branch","line":35,"loc":{"start":{"line":35,"column":43},"end":{"line":35,"column":61}},"locations":[{"start":{"line":35,"column":43},"end":{"line":35,"column":61}}]},"12":{"type":"branch","line":36,"loc":{"start":{"line":36,"column":51},"end":{"line":36,"column":73}},"locations":[{"start":{"line":36,"column":51},"end":{"line":36,"column":73}}]},"13":{"type":"branch","line":37,"loc":{"start":{"line":37,"column":55},"end":{"line":37,"column":79}},"locations":[{"start":{"line":37,"column":55},"end":{"line":37,"column":79}}]},"14":{"type":"branch","line":38,"loc":{"start":{"line":38,"column":55},"end":{"line":38,"column":79}},"locations":[{"start":{"line":38,"column":55},"end":{"line":38,"column":79}}]},"15":{"type":"branch","line":41,"loc":{"start":{"line":41,"column":14},"end":{"line":41,"column":51}},"locations":[{"start":{"line":41,"column":14},"end":{"line":41,"column":51}}]},"16":{"type":"branch","line":55,"loc":{"start":{"line":55,"column":89},"end":{"line":55,"column":119}},"locations":[{"start":{"line":55,"column":89},"end":{"line":55,"column":119}}]}},"b":{"0":[2],"1":[1],"2":[2],"3":[3],"4":[2],"5":[1],"6":[1],"7":[1],"8":[1],"9":[2],"10":[2],"11":[2],"12":[2],"13":[2],"14":[2],"15":[18],"16":[3]},"fnMap":{"0":{"name":"runUmesList","decl":{"start":{"line":4,"column":7},"end":{"line":56,"column":1}},"loc":{"start":{"line":4,"column":7},"end":{"line":56,"column":1}},"line":4},"1":{"name":"pad","decl":{"start":{"line":41,"column":14},"end":{"line":41,"column":51}},"loc":{"start":{"line":41,"column":14},"end":{"line":41,"column":51}},"line":41}},"f":{"0":2,"1":18}}
}
