{"/home/hacker/repo/open-mercato/.workspace/worktrees/open-mercato/HCK-0086/packages/cli/src/lib/umes/inspect.ts": {"path":"/home/hacker/repo/open-mercato/.workspace/worktrees/open-mercato/HCK-0086/packages/cli/src/lib/umes/inspect.ts","all":false,"statementMap":{"0":{"start":{"line":1,"column":0},"end":{"line":1,"column":44}},"1":{"start":{"line":2,"column":0},"end":{"line":2,"column":45}},"2":{"start":{"line":3,"column":0},"end":{"line":3,"column":0}},"3":{"start":{"line":4,"column":0},"end":{"line":4,"column":71}},"4":{"start":{"line":5,"column":0},"end":{"line":5,"column":35}},"5":{"start":{"line":6,"column":0},"end":{"line":6,"column":47}},"6":{"start":{"line":7,"column":0},"end":{"line":7,"column":0}},"7":{"start":{"line":8,"column":0},"end":{"line":8,"column":69}},"8":{"start":{"line":9,"column":0},"end":{"line":9,"column":0}},"9":{"start":{"line":10,"column":0},"end":{"line":10,"column":20}},"10":{"start":{"line":11,"column":0},"end":{"line":11,"column":67}},"11":{"start":{"line":12,"column":0},"end":{"line":12,"column":84}},"12":{"start":{"line":13,"column":0},"end":{"line":13,"column":24}},"13":{"start":{"line":14,"column":0},"end":{"line":14,"column":10}},"14":{"start":{"line":15,"column":0},"end":{"line":15,"column":3}},"15":{"start":{"line":16,"column":0},"end":{"line":16,"column":0}},"16":{"start":{"line":17,"column":0},"end":{"line":17,"column":58}},"17":{"start":{"line":18,"column":0},"end":{"line":18,"column":29}},"18":{"start":{"line":19,"column":0},"end":{"line":19,"column":0}},"19":{"start":{"line":20,"column":0},"end":{"line":20,"column":47}},"20":{"start":{"line":21,"column":0},"end":{"line":21,"column":79}},"21":{"start":{"line":22,"column":0},"end":{"line":22,"column":53}},"22":{"start":{"line":23,"column":0},"end":{"line":23,"column":32}},"23":{"start":{"line":24,"column":0},"end":{"line":24,"column":5}},"24":{"start":{"line":25,"column":0},"end":{"line":25,"column":3}},"25":{"start":{"line":26,"column":0},"end":{"line":26,"column":0}},"26":{"start":{"line":27,"column":0},"end":{"line":27,"column":64}},"27":{"start":{"line":28,"column":0},"end":{"line":28,"column":44}},"28":{"start":{"line":29,"column":0},"end":{"line":29,"column":43}},"29":{"start":{"line":30,"column":0},"end":{"line":30,"column":18}},"30":{"start":{"line":31,"column":0},"end":{"line":31,"column":30}},"31":{"start":{"line":32,"column":0},"end":{"line":32,"column":3}},"32":{"start":{"line":33,"column":0},"end":{"line":33,"column":0}},"33":{"start":{"line":34,"column":0},"end":{"line":34,"column":46}},"34":{"start":{"line":35,"column":0},"end":{"line":35,"column":37}},"35":{"start":{"line":36,"column":0},"end":{"line":36,"column":38}},"36":{"start":{"line":37,"column":0},"end":{"line":37,"column":48}},"37":{"start":{"line":38,"column":0},"end":{"line":38,"column":44}},"38":{"start":{"line":39,"column":0},"end":{"line":39,"column":3}},"39":{"start":{"line":40,"column":0},"end":{"line":40,"column":0}},"40":{"start":{"line":41,"column":0},"end":{"line":41,"column":59}},"41":{"start":{"line":42,"column":0},"end":{"line":42,"column":39}},"42":{"start":{"line":43,"column":0},"end":{"line":43,"column":37}},"43":{"start":{"line":44,"column":0},"end":{"line":44,"column":0}},"44":{"start":{"line":45,"column":0},"end":{"line":45,"column":53}},"45":{"start":{"line":46,"column":0},"end":{"line":46,"column":35}},"46":{"start":{"line":47,"column":0},"end":{"line":47,"column":35}},"47":{"start":{"line":48,"column":0},"end":{"line":48,"column":47}},"48":{"start":{"line":49,"column":0},"end":{"line":49,"column":51}},"49":{"start":{"line":50,"column":0},"end":{"line":50,"column":33}},"50":{"start":{"line":51,"column":0},"end":{"line":51,"column":64}},"51":{"start":{"line":52,"column":0},"end":{"line":52,"column":7}},"52":{"start":{"line":53,"column":0},"end":{"line":53,"column":24}},"53":{"start":{"line":54,"column":0},"end":{"line":54,"column":65}},"54":{"start":{"line":55,"column":0},"end":{"line":55,"column":73}},"55":{"start":{"line":56,"column":0},"end":{"line":56,"column":48}},"56":{"start":{"line":57,"column":0},"end":{"line":57,"column":11}},"57":{"start":{"line":58,"column":0},"end":{"line":58,"column":9}},"58":{"start":{"line":59,"column":0},"end":{"line":59,"column":7}},"59":{"start":{"line":60,"column":0},"end":{"line":60,"column":5}},"60":{"start":{"line":61,"column":0},"end":{"line":61,"column":3}},"61":{"start":{"line":62,"column":0},"end":{"line":62,"column":0}},"62":{"start":{"line":63,"column":0},"end":{"line":63,"column":43}},"63":{"start":{"line":64,"column":0},"end":{"line":64,"column":64}},"64":{"start":{"line":65,"column":0},"end":{"line":65,"column":3}},"65":{"start":{"line":66,"column":0},"end":{"line":66,"column":0}},"66":{"start":{"line":67,"column":0},"end":{"line":67,"column":17}},"67":{"start":{"line":68,"column":0},"end":{"line":68,"column":1}}},"s":{"0":1,"1":1,"2":1,"3":1,"4":3,"5":3,"6":3,"7":3,"8":3,"9":3,"10":1,"11":1,"12":1,"13":1,"14":1,"15":2,"16":2,"17":2,"18":2,"19":3,"20":1,"21":1,"22":2,"23":2,"24":1,"25":2,"26":2,"27":3,"28":5,"29":5,"30":5,"31":5,"32":2,"33":2,"34":2,"35":2,"36":2,"37":2,"38":2,"39":2,"40":3,"41":8,"42":8,"43":4,"44":4,"45":8,"46":5,"47":5,"48":5,"49":5,"50":2,"51":2,"52":5,"53":4,"54":9,"55":7,"56":7,"57":9,"58":4,"59":5,"60":4,"61":2,"62":3,"63":1,"64":1,"65":2,"66":2,"67":2},"branchMap":{"0":{"type":"branch","line":4,"loc":{"start":{"line":4,"column":7},"end":{"line":68,"column":1}},"locations":[{"start":{"line":4,"column":7},"end":{"line":68,"column":1}}]},"1":{"type":"branch","line":10,"loc":{"start":{"line":10,"column":19},"end":{"line":15,"column":3}},"locations":[{"start":{"line":10,"column":19},"end":{"line":15,"column":3}}]},"2":{"type":"branch","line":16,"loc":{"start":{"line":16,"column":-1},"end":{"line":20,"column":46}},"locations":[{"start":{"line":16,"column":-1},"end":{"line":20,"column":46}}]},"3":{"type":"branch","line":20,"loc":{"start":{"line":20,"column":46},"end":{"line":25,"column":3}},"locations":[{"start":{"line":20,"column":46},"end":{"line":25,"column":3}}]},"4":{"type":"branch","line":22,"loc":{"start":{"line":22,"column":52},"end":{"line":24,"column":5}},"locations":[{"start":{"line":22,"column":52},"end":{"line":24,"column":5}}]},"5":{"type":"branch","line":26,"loc":{"start":{"line":26,"column":-1},"end":{"line":28,"column":43}},"locations":[{"start":{"line":26,"column":-1},"end":{"line":28,"column":43}}]},"6":{"type":"branch","line":28,"loc":{"start":{"line":28,"column":43},"end":{"line":32,"column":3}},"locations":[{"start":{"line":28,"column":43},"end":{"line":32,"column":3}}]},"7":{"type":"branch","line":29,"loc":{"start":{"line":29,"column":37},"end":{"line":29,"column":41}},"locations":[{"start":{"line":29,"column":37},"end":{"line":29,"column":41}}]},"8":{"type":"branch","line":29,"loc":{"start":{"line":29,"column":37},"end":{"line":29,"column":43}},"locations":[{"start":{"line":29,"column":37},"end":{"line":29,"column":43}}]},"9":{"type":"branch","line":33,"loc":{"start":{"line":33,"column":-1},"end":{"line":41,"column":58}},"locations":[{"start":{"line":33,"column":-1},"end":{"line":41,"column":58}}]},"10":{"type":"branch","line":41,"loc":{"start":{"line":41,"column":58},"end":{"line":61,"column":3}},"locations":[{"start":{"line":41,"column":58},"end":{"line":61,"column":3}}]},"11":{"type":"branch","line":43,"loc":{"start":{"line":43,"column":19},"end":{"line":43,"column":21}},"locations":[{"start":{"line":43,"column":19},"end":{"line":43,"column":21}}]},"12":{"type":"branch","line":43,"loc":{"start":{"line":43,"column":19},"end":{"line":43,"column":27}},"locations":[{"start":{"line":43,"column":19},"end":{"line":43,"column":27}}]},"13":{"type":"branch","line":43,"loc":{"start":{"line":43,"column":29},"end":{"line":46,"column":34}},"locations":[{"start":{"line":43,"column":29},"end":{"line":46,"column":34}}]},"14":{"type":"branch","line":46,"loc":{"start":{"line":46,"column":34},"end":{"line":60,"column":5}},"locations":[{"start":{"line":46,"column":34},"end":{"line":60,"column":5}}]},"15":{"type":"branch","line":50,"loc":{"start":{"line":50,"column":22},"end":{"line":50,"column":24}},"locations":[{"start":{"line":50,"column":22},"end":{"line":50,"column":24}}]},"16":{"type":"branch","line":50,"loc":{"start":{"line":50,"column":22},"end":{"line":50,"column":30}},"locations":[{"start":{"line":50,"column":22},"end":{"line":50,"column":30}}]},"17":{"type":"branch","line":50,"loc":{"start":{"line":50,"column":32},"end":{"line":52,"column":7}},"locations":[{"start":{"line":50,"column":32},"end":{"line":52,"column":7}}]},"18":{"type":"branch","line":53,"loc":{"start":{"line":53,"column":23},"end":{"line":59,"column":7}},"locations":[{"start":{"line":53,"column":23},"end":{"line":59,"column":7}}]},"19":{"type":"branch","line":54,"loc":{"start":{"line":54,"column":64},"end":{"line":58,"column":9}},"locations":[{"start":{"line":54,"column":64},"end":{"line":58,"column":9}}]},"20":{"type":"branch","line":55,"loc":{"start":{"line":55,"column":52},"end":{"line":55,"column":70}},"locations":[{"start":{"line":55,"column":52},"end":{"line":55,"column":70}}]},"21":{"type":"branch","line":55,"loc":{"start":{"line":55,"column":72},"end":{"line":57,"column":11}},"locations":[{"start":{"line":55,"column":72},"end":{"line":57,"column":11}}]},"22":{"type":"branch","line":61,"loc":{"start":{"line":61,"column":-1},"end":{"line":61,"column":3}},"locations":[{"start":{"line":61,"column":-1},"end":{"line":61,"column":3}}]},"23":{"type":"branch","line":62,"loc":{"start":{"line":62,"column":-1},"end":{"line":63,"column":42}},"locations":[{"start":{"line":62,"column":-1},"end":{"line":63,"column":42}}]},"24":{"type":"branch","line":63,"loc":{"start":{"line":63,"column":42},"end":{"line":65,"column":3}},"locations":[{"start":{"line":63,"column":42},"end":{"line":65,"column":3}}]},"25":{"type":"branch","line":66,"loc":{"start":{"line":66,"column":-1},"end":{"line":68,"column":1}},"locations":[{"start":{"line":66,"column":-1},"end":{"line":68,"column":1}}]},"26":{"type":"branch","line":8,"loc":{"start":{"line":8,"column":38},"end":{"line":8,"column":68}},"locations":[{"start":{"line":8,"column":38},"end":{"line":8,"column":68}}]},"27":{"type":"branch","line":11,"loc":{"start":{"line":11,"column":38},"end":{"line":11,"column":55}},"locations":[{"start":{"line":11,"column":38},"end":{"line":11,"column":55}}]}},"b":{"0":[3],"1":[1],"2":[2],"3":[1],"4":[2],"5":[2],"6":[5],"7":[1],"8":[4],"9":[2],"10":[8],"11":[4],"12":[4],"13":[4],"14":[5],"15":[3],"16":[2],"17":[2],"18":[4],"19":[9],"20":[7],"21":[7],"22":[4],"23":[2],"24":[1],"25":[2],"26":[4],"27":[2]},"fnMap":{"0":{"name":"runUmesInspect","decl":{"start":{"line":4,"column":7},"end":{"line":68,"column":1}},"loc":{"start":{"line":4,"column":7},"end":{"line":68,"column":1}},"line":4}},"f":{"0":3}}
}
