TN:
SF:src/lib/umes/list.ts
FN:4,runUmesList
FN:41,pad
FNF:2
FNH:2
FNDA:2,runUmesList
FNDA:18,pad
DA:1,1
DA:2,1
DA:3,1
DA:4,1
DA:5,2
DA:6,2
DA:7,2
DA:8,2
DA:9,2
DA:10,2
DA:11,1
DA:12,1
DA:13,1
DA:14,1
DA:15,1
DA:16,1
DA:17,1
DA:18,1
DA:19,1
DA:20,1
DA:21,1
DA:22,1
DA:23,1
DA:24,2
DA:25,2
DA:26,2
DA:27,2
DA:28,2
DA:29,2
DA:30,2
DA:31,1
DA:32,1
DA:33,1
DA:34,1
DA:35,1
DA:36,1
DA:37,1
DA:38,1
DA:39,1
DA:40,1
DA:41,1
DA:42,1
DA:43,1
DA:44,1
DA:45,1
DA:46,1
DA:47,1
DA:48,1
DA:49,1
DA:50,2
DA:51,2
DA:52,2
DA:53,2
DA:54,1
DA:55,1
DA:56,1
LF:56
LH:56
BRDA:4,0,0,2
BRDA:10,1,0,1
BRDA:49,2,0,2
BRDA:8,3,0,3
BRDA:23,4,0,2
BRDA:29,5,0,1
BRDA:29,6,0,1
BRDA:29,7,0,1
BRDA:29,8,0,1
BRDA:33,9,0,2
BRDA:34,10,0,2
BRDA:35,11,0,2
BRDA:36,12,0,2
BRDA:37,13,0,2
BRDA:38,14,0,2
BRDA:41,15,0,18
BRDA:55,16,0,3
BRF:17
BRH:17
end_of_record
