TN:
SF:src/lib/utils.ts
FN:17,calculateChecksum
FN:21,readChecksumRecord
FN:36,writeChecksumRecord
FN:40,collectStructureEntries
FN:69,calculateStructureChecksum
FN:84,writeIfChanged
FN:126,ensureDir
FN:142,rimrafDir
FN:167,toVar
FN:171,toSnake
FN:180,moduleHasExport
FN:193,logGenerationResult
FN:199,createGeneratorResult
FN:207,writeGeneratedFile
FNF:14
FNH:9
FNDA:1097,calculateChecksum
FNDA:1050,readChecksumRecord
FNDA:1050,writeChecksumRecord
FNDA:136,collectStructureEntries
FNDA:47,calculateStructureChecksum
FNDA:0,writeIfChanged
FNDA:0,ensureDir
FNDA:0,rimrafDir
FNDA:180,toVar
FNDA:0,toSnake
FNDA:8,moduleHasExport
FNDA:0,logGenerationResult
FNDA:48,createGeneratorResult
FNDA:1050,writeGeneratedFile
DA:1,1
DA:2,1
DA:3,1
DA:4,1
DA:5,1
DA:6,1
DA:7,1
DA:8,1
DA:9,1
DA:10,1
DA:11,1
DA:12,1
DA:13,1
DA:14,1
DA:15,1
DA:16,1
DA:17,1097
DA:18,1097
DA:19,1097
DA:20,1
DA:21,1050
DA:22,1050
DA:23,986
DA:24,986
DA:25,64
DA:26,64
DA:27,1050
DA:28,64
DA:29,64
DA:30,1050
DA:31,0
DA:32,0
DA:33,0
DA:34,0
DA:35,1
DA:36,1050
DA:37,1050
DA:38,1050
DA:39,1
DA:40,136
DA:41,136
DA:42,136
DA:43,136
DA:44,136
DA:45,0
DA:46,0
DA:47,0
DA:48,136
DA:49,136
DA:50,196
DA:51,196
DA:52,196
DA:53,196
DA:54,196
DA:55,87
DA:56,87
DA:57,196
DA:58,109
DA:59,109
DA:60,0
DA:61,0
DA:62,196
DA:63,0
DA:64,0
DA:65,0
DA:66,196
DA:67,136
DA:68,1
DA:69,47
DA:70,47
DA:71,47
DA:72,47
DA:73,102
DA:74,53
DA:75,53
DA:76,53
DA:77,49
DA:78,102
DA:79,102
DA:80,102
DA:81,47
DA:82,47
DA:83,1
DA:84,0
DA:85,0
DA:86,0
DA:87,0
DA:88,0
DA:89,0
DA:90,0
DA:91,0
DA:92,0
DA:93,0
DA:94,0
DA:95,0
DA:96,0
DA:97,0
DA:98,0
DA:99,0
DA:100,0
DA:101,0
DA:102,0
DA:103,0
DA:104,0
DA:105,0
DA:106,0
DA:107,0
DA:108,0
DA:109,0
DA:110,0
DA:111,0
DA:112,0
DA:113,0
DA:114,0
DA:115,0
DA:116,0
DA:117,0
DA:118,0
DA:119,0
DA:120,0
DA:121,0
DA:122,0
DA:123,0
DA:124,0
DA:125,1
DA:126,0
DA:127,0
DA:128,0
DA:129,1
DA:130,1
DA:131,1
DA:132,1
DA:133,1
DA:134,1
DA:135,1
DA:136,1
DA:137,1
DA:138,1
DA:139,1
DA:140,1
DA:141,1
DA:142,0
DA:143,0
DA:144,0
DA:145,0
DA:146,0
DA:147,0
DA:148,0
DA:149,0
DA:150,0
DA:151,0
DA:152,0
DA:153,0
DA:154,0
DA:155,0
DA:156,0
DA:157,0
DA:158,0
DA:159,0
DA:160,0
DA:161,0
DA:162,0
DA:163,0
DA:164,0
DA:165,0
DA:166,1
DA:167,180
DA:168,180
DA:169,180
DA:170,1
DA:171,0
DA:172,0
DA:173,0
DA:174,0
DA:175,0
DA:176,0
DA:177,0
DA:178,0
DA:179,1
DA:180,1
DA:181,8
DA:182,8
DA:183,8
DA:184,8
DA:185,8
DA:186,8
DA:187,6
DA:188,8
DA:189,2
DA:190,2
DA:191,8
DA:192,1
DA:193,0
DA:194,0
DA:195,0
DA:196,0
DA:197,0
DA:198,1
DA:199,48
DA:200,48
DA:201,48
DA:202,48
DA:203,48
DA:204,48
DA:205,48
DA:206,1
DA:207,1050
DA:208,1050
DA:209,1050
DA:210,1050
DA:211,1050
DA:212,1050
DA:213,1050
DA:214,1050
DA:215,1050
DA:216,1050
DA:217,1050
DA:218,1050
DA:219,1050
DA:220,1050
DA:221,56
DA:222,1050
DA:223,1050
DA:224,1050
DA:225,1050
DA:226,1050
DA:227,1050
DA:228,0
DA:229,0
DA:230,1050
DA:231,1050
LF:231
LH:136
BRDA:17,0,0,1097
BRDA:21,1,0,1050
BRDA:22,2,0,986
BRDA:25,3,0,64
BRDA:27,4,0,64
BRDA:27,5,0,64
BRDA:30,6,0,0
BRDA:36,7,0,1050
BRDA:40,8,0,136
BRDA:44,9,0,0
BRDA:49,10,0,196
BRDA:54,11,0,87
BRDA:57,12,0,109
BRDA:59,13,0,0
BRDA:62,14,0,0
BRDA:43,15,0,60
BRDA:69,16,0,47
BRDA:72,17,0,102
BRDA:73,18,0,53
BRDA:77,19,0,49
BRDA:78,20,0,0
BRDA:79,21,0,49
BRDA:70,22,0,102
BRDA:70,23,0,78
BRDA:167,24,0,180
BRDA:180,25,0,8
BRDA:185,26,0,0
BRDA:187,27,0,6
BRDA:188,28,0,2
BRDA:186,29,0,8
BRDA:199,30,0,48
BRDA:207,31,0,1050
BRDA:219,32,0,64
BRDA:220,33,0,56
BRDA:227,34,0,0
BRDA:230,35,0,0
BRF:36
BRH:28
end_of_record
TN:
SF:src/lib/generators/module-registry.ts
FN:155,scanDashboardWidgetEntries
FN:176,loadModuleExportsFromSource
FN:184,buildCacheBustedSourceImportUrl
FN:193,unwrapObjectLiteralExpression
FN:207,extractNamedObjectLiteralSource
FN:256,extractNamedObjectLiteralExport
FN:267,inferScriptKind
FN:274,hasDefaultExport
FN:315,requiresRuntimePageMetadataFromSourceFile
FN:333,toLiteral
FN:340,sanitizeGeneratedModuleSpecifierSegment
FN:348,sanitizeGeneratedModuleSpecifier
FN:366,buildImportStatement
FN:370,buildBareImportStatement
FN:374,buildDynamicImportExpression
FN:378,serializeGeneratedImport
FN:422,findExistingModuleFile
FN:435,findExistingModuleFileByBaseNames
FN:443,toModuleImportSubpath
FN:448,normalizeApiMethodMetadata
FN:477,buildApiMetadataLiteral
FN:494,resolveApiPathFromMetadata
FN:500,detectExportedHttpMethods
FN:510,collectKnownMethods
FN:563,buildPageRouteProps
FN:567,normalizeBreadcrumb
FN:584,normalizePlacement
FN:596,normalizePageMetadata
FN:631,requiresRuntimePageMetadata
FN:640,normalizeSubscriberMetadata
FN:652,normalizeWorkerMetadata
FN:662,loadSubscriberMetadata
FN:668,loadWorkerMetadata
FN:674,loadPageMetadataForManifest
FN:703,processPageFiles
FN:875,processApiRoutes
FN:962,include
FN:1002,processSubscribers
FN:1032,processWorkers
FN:1063,processTranslations
FN:1117,processStandaloneConfig
FN:1160,namespaceLookup
FN:1167,buildModuleCustomFieldSetsValue
FN:1228,buildModuleDashboardWidgetsValue
FN:1255,buildModuleIntegrationListValue
FN:1279,buildModulesInfoExpression
FN:1299,renderAstModuleRegistryFile
FN:1354,renderAstLegacyAliasFile
FN:1388,buildRuntimeRouteComponent
FN:1420,buildPageRouteEntries
FN:1481,processPageFilesAst
FN:1617,processSubscribersAst
FN:1661,processWorkersAst
FN:1703,processTranslationsAst
FN:1776,resolveConventionFile
FN:1801,generateModuleRegistry
FN:2425,generateModuleRegistryApp
FN:2736,generateModuleRegistryCli
FNF:58
FNH:52
FNDA:51,scanDashboardWidgetEntries
FNDA:38,loadModuleExportsFromSource
FNDA:49,buildCacheBustedSourceImportUrl
FNDA:11,unwrapObjectLiteralExpression
FNDA:31,extractNamedObjectLiteralSource
FNDA:27,extractNamedObjectLiteralExport
FNDA:46,inferScriptKind
FNDA:15,hasDefaultExport
FNDA:4,requiresRuntimePageMetadataFromSourceFile
FNDA:341,toLiteral
FNDA:1053,sanitizeGeneratedModuleSpecifierSegment
FNDA:218,sanitizeGeneratedModuleSpecifier
FNDA:79,buildImportStatement
FNDA:0,buildBareImportStatement
FNDA:50,buildDynamicImportExpression
FNDA:63,serializeGeneratedImport
FNDA:31,findExistingModuleFile
FNDA:7,findExistingModuleFileByBaseNames
FNDA:3,toModuleImportSubpath
FNDA:16,normalizeApiMethodMetadata
FNDA:8,buildApiMetadataLiteral
FNDA:8,resolveApiPathFromMetadata
FNDA:5,detectExportedHttpMethods
FNDA:3,collectKnownMethods
FNDA:21,buildPageRouteProps
FNDA:1,normalizeBreadcrumb
FNDA:1,normalizePlacement
FNDA:10,normalizePageMetadata
FNDA:5,requiresRuntimePageMetadata
FNDA:23,normalizeSubscriberMetadata
FNDA:17,normalizeWorkerMetadata
FNDA:13,loadSubscriberMetadata
FNDA:10,loadWorkerMetadata
FNDA:7,loadPageMetadataForManifest
FNDA:13,processPageFiles
FNDA:36,processApiRoutes
FNDA:5,include
FNDA:36,processSubscribers
FNDA:35,processWorkers
FNDA:36,processTranslations
FNDA:652,processStandaloneConfig
FNDA:0,namespaceLookup
FNDA:16,buildModuleCustomFieldSetsValue
FNDA:16,buildModuleDashboardWidgetsValue
FNDA:0,buildModuleIntegrationListValue
FNDA:13,buildModulesInfoExpression
FNDA:13,renderAstModuleRegistryFile
FNDA:47,renderAstLegacyAliasFile
FNDA:0,buildRuntimeRouteComponent
FNDA:0,buildPageRouteEntries
FNDA:0,processPageFilesAst
FNDA:16,processSubscribersAst
FNDA:16,processWorkersAst
FNDA:16,processTranslationsAst
FNDA:223,resolveConventionFile
FNDA:35,generateModuleRegistry
FNDA:2,generateModuleRegistryApp
FNDA:11,generateModuleRegistryCli
DA:1,1
DA:2,1
DA:3,1
DA:4,1
DA:5,1
DA:6,1
DA:7,1
DA:8,1
DA:9,1
DA:10,1
DA:11,1
DA:12,1
DA:13,1
DA:14,1
DA:15,1
DA:16,1
DA:17,1
DA:18,1
DA:19,1
DA:20,1
DA:21,1
DA:22,1
DA:23,1
DA:24,1
DA:25,1
DA:26,1
DA:27,1
DA:28,1
DA:29,1
DA:30,1
DA:31,1
DA:32,1
DA:33,1
DA:34,1
DA:35,1
DA:36,1
DA:37,1
DA:38,1
DA:39,1
DA:40,1
DA:41,1
DA:42,1
DA:43,1
DA:44,1
DA:45,1
DA:46,1
DA:47,1
DA:48,1
DA:49,1
DA:50,1
DA:51,1
DA:52,1
DA:53,1
DA:54,1
DA:55,1
DA:56,1
DA:57,1
DA:58,1
DA:59,1
DA:60,1
DA:61,1
DA:62,1
DA:63,1
DA:64,1
DA:65,1
DA:66,1
DA:67,1
DA:68,1
DA:69,1
DA:70,1
DA:71,1
DA:72,1
DA:73,1
DA:74,1
DA:75,1
DA:76,1
DA:77,1
DA:78,1
DA:79,1
DA:80,1
DA:81,1
DA:82,1
DA:83,1
DA:84,1
DA:85,1
DA:86,1
DA:87,1
DA:88,1
DA:89,1
DA:90,1
DA:91,1
DA:92,1
DA:93,1
DA:94,1
DA:95,1
DA:96,1
DA:97,1
DA:98,1
DA:99,1
DA:100,1
DA:101,1
DA:102,1
DA:103,1
DA:104,1
DA:105,1
DA:106,1
DA:107,1
DA:108,1
DA:109,1
DA:110,1
DA:111,1
DA:112,1
DA:113,1
DA:114,1
DA:115,1
DA:116,1
DA:117,1
DA:118,1
DA:119,1
DA:120,1
DA:121,1
DA:122,1
DA:123,1
DA:124,1
DA:125,1
DA:126,1
DA:127,1
DA:128,1
DA:129,1
DA:130,1
DA:131,1
DA:132,1
DA:133,1
DA:134,1
DA:135,1
DA:136,1
DA:137,1
DA:138,1
DA:139,1
DA:140,1
DA:141,1
DA:142,1
DA:143,1
DA:144,1
DA:145,1
DA:146,1
DA:147,1
DA:148,1
DA:149,1
DA:150,1
DA:151,1
DA:152,1
DA:153,1
DA:154,1
DA:155,51
DA:156,51
DA:157,51
DA:158,51
DA:159,51
DA:160,51
DA:161,51
DA:162,51
DA:163,51
DA:164,7
DA:165,7
DA:166,7
DA:167,7
DA:168,7
DA:169,7
DA:170,7
DA:171,7
DA:172,7
DA:173,51
DA:174,51
DA:175,1
DA:176,38
DA:177,38
DA:178,38
DA:179,38
DA:180,13
DA:181,13
DA:182,38
DA:183,1
DA:184,49
DA:185,49
DA:186,49
DA:187,49
DA:188,49
DA:189,49
DA:190,49
DA:191,49
DA:192,1
DA:193,11
DA:194,11
DA:195,11
DA:196,11
DA:197,11
DA:198,11
DA:199,0
DA:200,0
DA:201,0
DA:202,0
DA:203,0
DA:204,0
DA:205,0
DA:206,1
DA:207,31
DA:208,31
DA:209,31
DA:210,31
DA:211,31
DA:212,0
DA:213,0
DA:214,31
DA:215,31
DA:216,31
DA:217,31
DA:218,31
DA:219,31
DA:220,31
DA:221,31
DA:222,31
DA:223,31
DA:224,31
DA:225,37
DA:226,37
DA:227,37
DA:228,37
DA:229,37
DA:230,37
DA:231,3
DA:232,6
DA:233,6
DA:234,3
DA:235,37
DA:236,31
DA:237,31
DA:238,28
DA:239,14
DA:240,28
DA:241,10
DA:242,28
DA:243,28
DA:244,14
DA:245,14
DA:246,11
DA:247,11
DA:248,14
DA:249,11
DA:250,11
DA:251,3
DA:252,20
DA:253,20
DA:254,20
DA:255,1
DA:256,27
DA:257,27
DA:258,27
DA:259,9
DA:260,9
DA:261,27
DA:262,27
DA:263,0
DA:264,0
DA:265,27
DA:266,1
DA:267,46
DA:268,46
DA:269,46
DA:270,46
DA:271,14
DA:272,14
DA:273,1
DA:274,15
DA:275,15
DA:276,15
DA:277,15
DA:278,15
DA:279,0
DA:280,0
DA:281,15
DA:282,15
DA:283,15
DA:284,15
DA:285,15
DA:286,15
DA:287,15
DA:288,15
DA:289,15
DA:290,15
DA:291,10
DA:292,0
DA:293,0
DA:294,10
DA:295,10
DA:296,10
DA:297,10
DA:298,10
DA:299,10
DA:300,1
DA:301,10
DA:302,10
DA:303,1
DA:304,1
DA:305,9
DA:306,10
DA:307,10
DA:308,6
DA:309,6
DA:310,10
DA:311,8
DA:312,8
DA:313,8
DA:314,1
DA:315,4
DA:316,4
DA:317,4
DA:318,2
DA:319,4
DA:320,0
DA:321,0
DA:322,2
DA:323,4
DA:324,1
DA:325,1
DA:326,1
DA:327,1
DA:328,1
DA:329,0
DA:330,0
DA:331,0
DA:332,1
DA:333,341
DA:334,341
DA:335,341
DA:336,1
DA:337,1
DA:338,1
DA:339,1
DA:340,1053
DA:341,1053
DA:342,1053
DA:343,1
DA:344,1
DA:345,1052
DA:346,1052
DA:347,1
DA:348,218
DA:349,218
DA:350,218
DA:351,0
DA:352,0
DA:353,218
DA:354,218
DA:355,218
DA:356,0
DA:357,0
DA:358,218
DA:359,218
DA:360,218
DA:361,218
DA:362,218
DA:363,218
DA:364,218
DA:365,1
DA:366,79
DA:367,79
DA:368,79
DA:369,1
DA:370,0
DA:371,0
DA:372,0
DA:373,1
DA:374,50
DA:375,50
DA:376,50
DA:377,1
DA:378,63
DA:379,63
DA:380,63
DA:381,63
DA:382,63
DA:383,63
DA:384,63
DA:385,63
DA:386,63
DA:387,63
DA:388,61
DA:389,61
DA:390,2
DA:391,63
DA:392,63
DA:393,63
DA:394,63
DA:395,0
DA:396,0
DA:397,2
DA:398,2
DA:399,2
DA:400,2
DA:401,2
DA:402,63
DA:403,0
DA:404,0
DA:405,0
DA:406,0
DA:407,0
DA:408,0
DA:409,0
DA:410,0
DA:411,0
DA:412,0
DA:413,2
DA:414,63
DA:415,63
DA:416,0
DA:417,0
DA:418,2
DA:419,2
DA:420,2
DA:421,1
DA:422,31
DA:423,31
DA:424,31
DA:425,12
DA:426,12
DA:427,31
DA:428,40
DA:429,40
DA:430,40
DA:431,8
DA:432,8
DA:433,8
DA:434,1
DA:435,7
DA:436,7
DA:437,11
DA:438,11
DA:439,11
DA:440,4
DA:441,4
DA:442,1
DA:443,3
DA:444,3
DA:445,3
DA:446,3
DA:447,1
DA:448,16
DA:449,16
DA:450,3
DA:451,3
DA:452,3
DA:453,16
DA:454,2
DA:455,2
DA:456,16
DA:457,0
DA:458,0
DA:459,16
DA:460,0
DA:461,0
DA:462,16
DA:463,0
DA:464,0
DA:465,0
DA:466,0
DA:467,0
DA:468,0
DA:469,0
DA:470,0
DA:471,0
DA:472,0
DA:473,3
DA:474,16
DA:475,16
DA:476,1
DA:477,8
DA:478,8
DA:479,4
DA:480,8
DA:481,8
DA:482,8
DA:483,8
DA:484,16
DA:485,16
DA:486,16
DA:487,2
DA:488,2
DA:489,16
DA:490,4
DA:491,8
DA:492,8
DA:493,1
DA:494,8
DA:495,8
DA:496,4
DA:497,8
DA:498,8
DA:499,1
DA:500,5
DA:501,5
DA:502,5
DA:503,5
DA:504,5
DA:505,0
DA:506,0
DA:507,5
DA:508,5
DA:509,5
DA:510,5
DA:511,3
DA:512,10
DA:513,10
DA:514,10
DA:515,10
DA:516,10
DA:517,5
DA:518,5
DA:519,10
DA:520,5
DA:521,5
DA:522,10
DA:523,10
DA:524,8
DA:525,8
DA:526,10
DA:527,3
DA:528,5
DA:529,5
DA:530,25
DA:531,25
DA:532,3
DA:533,3
DA:534,25
DA:535,5
DA:536,5
DA:537,5
DA:538,2
DA:539,2
DA:540,2
DA:541,2
DA:542,2
DA:543,2
DA:544,2
DA:545,2
DA:546,2
DA:547,5
DA:548,5
DA:549,5
DA:550,1
DA:551,1
DA:552,1
DA:553,1
DA:554,1
DA:555,1
DA:556,1
DA:557,1
DA:558,1
DA:559,5
DA:560,5
DA:561,5
DA:562,1
DA:563,21
DA:564,21
DA:565,21
DA:566,1
DA:567,1
DA:568,1
DA:569,0
DA:570,0
DA:571,0
DA:572,0
DA:573,0
DA:574,0
DA:575,0
DA:576,0
DA:577,0
DA:578,0
DA:579,0
DA:580,0
DA:581,1
DA:582,1
DA:583,1
DA:584,1
DA:585,1
DA:586,0
DA:587,1
DA:588,0
DA:589,0
DA:590,1
DA:591,1
DA:592,1
DA:593,1
DA:594,1
DA:595,1
DA:596,10
DA:597,10
DA:598,1
DA:599,1
DA:600,1
DA:601,1
DA:602,10
DA:603,10
DA:604,10
DA:605,10
DA:606,10
DA:607,10
DA:608,1
DA:609,10
DA:610,10
DA:611,10
DA:612,10
DA:613,10
DA:614,10
DA:615,10
DA:616,10
DA:617,10
DA:618,10
DA:619,10
DA:620,0
DA:621,0
DA:622,1
DA:623,10
DA:624,1
DA:625,10
DA:626,10
DA:627,1
DA:628,10
DA:629,10
DA:630,1
DA:631,5
DA:632,5
DA:633,1
DA:634,5
DA:635,1
DA:636,1
DA:637,0
DA:638,5
DA:639,1
DA:640,23
DA:641,23
DA:642,4
DA:643,4
DA:644,23
DA:645,23
DA:646,23
DA:647,23
DA:648,23
DA:649,23
DA:650,23
DA:651,1
DA:652,17
DA:653,17
DA:654,9
DA:655,9
DA:656,17
DA:657,17
DA:658,9
DA:659,17
DA:660,17
DA:661,1
DA:662,13
DA:663,13
DA:664,13
DA:665,10
DA:666,13
DA:667,1
DA:668,10
DA:669,10
DA:670,10
DA:671,7
DA:672,10
DA:673,1
DA:674,7
DA:675,7
DA:676,7
DA:677,7
DA:678,7
DA:679,7
DA:680,7
DA:681,7
DA:682,7
DA:683,7
DA:684,7
DA:685,7
DA:686,7
DA:687,7
DA:688,2
DA:689,2
DA:690,2
DA:691,2
DA:692,2
DA:693,5
DA:694,5
DA:695,5
DA:696,7
DA:697,7
DA:698,7
DA:699,7
DA:700,7
DA:701,7
DA:702,1
DA:703,13
DA:704,13
DA:705,13
DA:706,13
DA:707,13
DA:708,13
DA:709,13
DA:710,13
DA:711,13
DA:712,13
DA:713,13
DA:714,13
DA:715,13
DA:716,13
DA:717,13
DA:718,13
DA:719,13
DA:720,13
DA:721,13
DA:722,13
DA:723,13
DA:724,13
DA:725,13
DA:726,10
DA:727,10
DA:728,10
DA:729,10
DA:730,10
DA:731,10
DA:732,10
DA:733,10
DA:734,10
DA:735,10
DA:736,10
DA:737,10
DA:738,10
DA:739,10
DA:740,4
DA:741,4
DA:742,4
DA:743,4
DA:744,4
DA:745,10
DA:746,3
DA:747,3
DA:748,3
DA:749,3
DA:750,3
DA:751,3
DA:752,3
DA:753,3
DA:754,3
DA:755,3
DA:756,3
DA:757,3
DA:758,3
DA:759,3
DA:760,3
DA:761,3
DA:762,3
DA:763,2
DA:764,2
DA:765,3
DA:766,10
DA:767,1
DA:768,1
DA:769,1
DA:770,1
DA:771,1
DA:772,1
DA:773,1
DA:774,1
DA:775,1
DA:776,1
DA:777,0
DA:778,0
DA:779,1
DA:780,1
DA:781,1
DA:782,10
DA:783,2
DA:784,2
DA:785,4
DA:786,4
DA:787,4
DA:788,4
DA:789,4
DA:790,4
DA:791,4
DA:792,13
DA:793,13
DA:794,13
DA:795,5
DA:796,5
DA:797,5
DA:798,5
DA:799,5
DA:800,5
DA:801,5
DA:802,5
DA:803,5
DA:804,5
DA:805,5
DA:806,5
DA:807,5
DA:808,2
DA:809,2
DA:810,5
DA:811,5
DA:812,5
DA:813,3
DA:814,3
DA:815,3
DA:816,3
DA:817,3
DA:818,5
DA:819,0
DA:820,0
DA:821,0
DA:822,0
DA:823,0
DA:824,0
DA:825,0
DA:826,0
DA:827,0
DA:828,0
DA:829,0
DA:830,0
DA:831,0
DA:832,0
DA:833,0
DA:834,0
DA:835,0
DA:836,0
DA:837,0
DA:838,0
DA:839,0
DA:840,0
DA:841,5
DA:842,3
DA:843,3
DA:844,3
DA:845,3
DA:846,3
DA:847,3
DA:848,3
DA:849,3
DA:850,3
DA:851,3
DA:852,0
DA:853,0
DA:854,3
DA:855,3
DA:856,3
DA:857,5
DA:858,0
DA:859,0
DA:860,3
DA:861,3
DA:862,3
DA:863,3
DA:864,3
DA:865,3
DA:866,3
DA:867,13
DA:868,13
DA:869,13
DA:870,13
DA:871,13
DA:872,13
DA:873,13
DA:874,1
DA:875,36
DA:876,36
DA:877,36
DA:878,36
DA:879,36
DA:880,36
DA:881,36
DA:882,36
DA:883,36
DA:884,36
DA:885,36
DA:886,36
DA:887,29
DA:888,29
DA:889,7
DA:890,7
DA:891,7
DA:892,7
DA:893,7
DA:894,7
DA:895,7
DA:896,36
DA:897,5
DA:898,5
DA:899,5
DA:900,5
DA:901,5
DA:902,5
DA:903,5
DA:904,5
DA:905,5
DA:906,5
DA:907,5
DA:908,5
DA:909,5
DA:910,5
DA:911,5
DA:912,5
DA:913,5
DA:914,5
DA:915,5
DA:916,5
DA:917,5
DA:918,5
DA:919,5
DA:920,5
DA:921,5
DA:922,7
DA:923,7
DA:924,7
DA:925,36
DA:926,0
DA:927,0
DA:928,0
DA:929,0
DA:930,0
DA:931,0
DA:932,0
DA:933,0
DA:934,0
DA:935,0
DA:936,0
DA:937,0
DA:938,0
DA:939,0
DA:940,0
DA:941,0
DA:942,0
DA:943,0
DA:944,0
DA:945,0
DA:946,0
DA:947,0
DA:948,0
DA:949,0
DA:950,0
DA:951,7
DA:952,7
DA:953,7
DA:954,36
DA:955,35
DA:956,35
DA:957,35
DA:958,35
DA:959,35
DA:960,35
DA:961,35
DA:962,35
DA:963,35
DA:964,35
DA:965,35
DA:966,4
DA:967,4
DA:968,4
DA:969,4
DA:970,4
DA:971,4
DA:972,3
DA:973,3
DA:974,3
DA:975,3
DA:976,3
DA:977,3
DA:978,3
DA:979,3
DA:980,3
DA:981,3
DA:982,3
DA:983,4
DA:984,4
DA:985,4
DA:986,4
DA:987,4
DA:988,4
DA:989,4
DA:990,4
DA:991,4
DA:992,4
DA:993,35
DA:994,7
DA:995,7
DA:996,7
DA:997,7
DA:998,7
DA:999,7
DA:1000,7
DA:1001,1
DA:1002,36
DA:1003,36
DA:1004,36
DA:1005,36
DA:1006,36
DA:1007,36
DA:1008,36
DA:1009,36
DA:1010,36
DA:1011,36
DA:1012,8
DA:1013,8
DA:1014,8
DA:1015,8
DA:1016,8
DA:1017,8
DA:1018,8
DA:1019,8
DA:1020,8
DA:1021,8
DA:1022,8
DA:1023,8
DA:1024,8
DA:1025,7
DA:1026,8
DA:1027,8
DA:1028,8
DA:1029,35
DA:1030,35
DA:1031,1
DA:1032,35
DA:1033,35
DA:1034,35
DA:1035,35
DA:1036,35
DA:1037,35
DA:1038,35
DA:1039,35
DA:1040,35
DA:1041,35
DA:1042,2
DA:1043,2
DA:1044,2
DA:1045,2
DA:1046,2
DA:1047,2
DA:1048,2
DA:1049,2
DA:1050,2
DA:1051,2
DA:1052,2
DA:1053,2
DA:1054,2
DA:1055,2
DA:1056,2
DA:1057,2
DA:1058,2
DA:1059,2
DA:1060,35
DA:1061,35
DA:1062,1
DA:1063,36
DA:1064,36
DA:1065,36
DA:1066,36
DA:1067,36
DA:1068,36
DA:1069,36
DA:1070,36
DA:1071,36
DA:1072,36
DA:1073,36
DA:1074,36
DA:1075,36
DA:1076,36
DA:1077,36
DA:1078,1
DA:1079,36
DA:1080,36
DA:1081,0
DA:1082,36
DA:1083,36
DA:1084,1
DA:1085,1
DA:1086,1
DA:1087,0
DA:1088,0
DA:1089,0
DA:1090,0
DA:1091,0
DA:1092,0
DA:1093,0
DA:1094,0
DA:1095,0
DA:1096,1
DA:1097,0
DA:1098,0
DA:1099,0
DA:1100,0
DA:1101,1
DA:1102,1
DA:1103,1
DA:1104,1
DA:1105,1
DA:1106,1
DA:1107,1
DA:1108,36
DA:1109,36
DA:1110,1
DA:1111,1
DA:1112,1
DA:1113,1
DA:1114,1
DA:1115,1
DA:1116,1
DA:1117,652
DA:1118,652
DA:1119,652
DA:1120,652
DA:1121,652
DA:1122,652
DA:1123,652
DA:1124,652
DA:1125,652
DA:1126,652
DA:1127,652
DA:1128,652
DA:1129,652
DA:1130,652
DA:1131,652
DA:1132,652
DA:1133,652
DA:1134,8
DA:1135,8
DA:1136,652
DA:1137,6
DA:1138,6
DA:1139,6
DA:1140,6
DA:1141,6
DA:1142,6
DA:1143,2
DA:1144,2
DA:1145,6
DA:1146,6
DA:1147,6
DA:1148,2
DA:1149,652
DA:1150,0
DA:1151,0
DA:1152,2
DA:1153,2
DA:1154,2
DA:1155,652
DA:1156,2
DA:1157,2
DA:1158,2
DA:1159,1
DA:1160,0
DA:1161,0
DA:1162,0
DA:1163,0
DA:1164,0
DA:1165,0
DA:1166,1
DA:1167,16
DA:1168,16
DA:1169,16
DA:1170,16
DA:1171,16
DA:1172,16
DA:1173,16
DA:1174,16
DA:1175,0
DA:1176,0
DA:1177,0
DA:1178,0
DA:1179,0
DA:1180,0
DA:1181,0
DA:1182,0
DA:1183,0
DA:1184,0
DA:1185,0
DA:1186,16
DA:1187,16
DA:1188,0
DA:1189,0
DA:1190,0
DA:1191,0
DA:1192,0
DA:1193,0
DA:1194,0
DA:1195,0
DA:1196,0
DA:1197,0
DA:1198,0
DA:1199,0
DA:1200,0
DA:1201,0
DA:1202,0
DA:1203,0
DA:1204,0
DA:1205,0
DA:1206,0
DA:1207,0
DA:1208,0
DA:1209,0
DA:1210,0
DA:1211,0
DA:1212,0
DA:1213,0
DA:1214,0
DA:1215,0
DA:1216,0
DA:1217,0
DA:1218,0
DA:1219,0
DA:1220,0
DA:1221,0
DA:1222,0
DA:1223,0
DA:1224,16
DA:1225,16
DA:1226,16
DA:1227,1
DA:1228,16
DA:1229,16
DA:1230,16
DA:1231,2
DA:1232,2
DA:1233,2
DA:1234,2
DA:1235,2
DA:1236,2
DA:1237,2
DA:1238,2
DA:1239,2
DA:1240,2
DA:1241,2
DA:1242,2
DA:1243,2
DA:1244,2
DA:1245,2
DA:1246,2
DA:1247,2
DA:1248,2
DA:1249,16
DA:1250,16
DA:1251,16
DA:1252,16
DA:1253,16
DA:1254,1
DA:1255,0
DA:1256,0
DA:1257,0
DA:1258,0
DA:1259,0
DA:1260,0
DA:1261,0
DA:1262,0
DA:1263,0
DA:1264,0
DA:1265,0
DA:1266,0
DA:1267,0
DA:1268,0
DA:1269,0
DA:1270,0
DA:1271,0
DA:1272,0
DA:1273,0
DA:1274,0
DA:1275,0
DA:1276,0
DA:1277,0
DA:1278,1
DA:1279,13
DA:1280,13
DA:1281,13
DA:1282,13
DA:1283,13
DA:1284,13
DA:1285,13
DA:1286,13
DA:1287,13
DA:1288,13
DA:1289,13
DA:1290,13
DA:1291,13
DA:1292,13
DA:1293,13
DA:1294,13
DA:1295,13
DA:1296,13
DA:1297,13
DA:1298,1
DA:1299,13
DA:1300,13
DA:1301,13
DA:1302,13
DA:1303,13
DA:1304,13
DA:1305,13
DA:1306,13
DA:1307,13
DA:1308,13
DA:1309,13
DA:1310,0
DA:1311,0
DA:1312,0
DA:1313,0
DA:1314,0
DA:1315,13
DA:1316,13
DA:1317,13
DA:1318,13
DA:1319,13
DA:1320,13
DA:1321,13
DA:1322,13
DA:1323,13
DA:1324,13
DA:1325,13
DA:1326,13
DA:1327,13
DA:1328,13
DA:1329,13
DA:1330,13
DA:1331,13
DA:1332,13
DA:1333,13
DA:1334,13
DA:1335,13
DA:1336,13
DA:1337,13
DA:1338,13
DA:1339,13
DA:1340,13
DA:1341,13
DA:1342,13
DA:1343,13
DA:1344,13
DA:1345,13
DA:1346,13
DA:1347,13
DA:1348,13
DA:1349,13
DA:1350,13
DA:1351,13
DA:1352,13
DA:1353,1
DA:1354,47
DA:1355,47
DA:1356,47
DA:1357,47
DA:1358,47
DA:1359,47
DA:1360,47
DA:1361,47
DA:1362,47
DA:1363,47
DA:1364,47
DA:1365,47
DA:1366,47
DA:1367,47
DA:1368,47
DA:1369,47
DA:1370,47
DA:1371,47
DA:1372,47
DA:1373,47
DA:1374,47
DA:1375,47
DA:1376,47
DA:1377,47
DA:1378,47
DA:1379,47
DA:1380,47
DA:1381,47
DA:1382,47
DA:1383,47
DA:1384,47
DA:1385,47
DA:1386,47
DA:1387,1
DA:1388,0
DA:1389,0
DA:1390,0
DA:1391,0
DA:1392,0
DA:1393,0
DA:1394,0
DA:1395,0
DA:1396,0
DA:1397,0
DA:1398,0
DA:1399,0
DA:1400,0
DA:1401,0
DA:1402,0
DA:1403,0
DA:1404,0
DA:1405,0
DA:1406,0
DA:1407,0
DA:1408,0
DA:1409,0
DA:1410,0
DA:1411,0
DA:1412,0
DA:1413,0
DA:1414,0
DA:1415,0
DA:1416,0
DA:1417,0
DA:1418,0
DA:1419,1
DA:1420,0
DA:1421,0
DA:1422,0
DA:1423,0
DA:1424,0
DA:1425,0
DA:1426,0
DA:1427,0
DA:1428,0
DA:1429,0
DA:1430,0
DA:1431,0
DA:1432,0
DA:1433,0
DA:1434,0
DA:1435,0
DA:1436,0
DA:1437,0
DA:1438,0
DA:1439,0
DA:1440,0
DA:1441,0
DA:1442,0
DA:1443,0
DA:1444,0
DA:1445,0
DA:1446,0
DA:1447,0
DA:1448,0
DA:1449,0
DA:1450,0
DA:1451,0
DA:1452,0
DA:1453,0
DA:1454,0
DA:1455,0
DA:1456,0
DA:1457,0
DA:1458,0
DA:1459,0
DA:1460,0
DA:1461,0
DA:1462,0
DA:1463,0
DA:1464,0
DA:1465,0
DA:1466,0
DA:1467,0
DA:1468,0
DA:1469,0
DA:1470,0
DA:1471,0
DA:1472,0
DA:1473,0
DA:1474,0
DA:1475,0
DA:1476,0
DA:1477,0
DA:1478,0
DA:1479,0
DA:1480,1
DA:1481,0
DA:1482,0
DA:1483,0
DA:1484,0
DA:1485,0
DA:1486,0
DA:1487,0
DA:1488,0
DA:1489,0
DA:1490,0
DA:1491,0
DA:1492,0
DA:1493,0
DA:1494,0
DA:1495,0
DA:1496,0
DA:1497,0
DA:1498,0
DA:1499,0
DA:1500,0
DA:1501,0
DA:1502,0
DA:1503,0
DA:1504,0
DA:1505,0
DA:1506,0
DA:1507,0
DA:1508,0
DA:1509,0
DA:1510,0
DA:1511,0
DA:1512,0
DA:1513,0
DA:1514,0
DA:1515,0
DA:1516,0
DA:1517,0
DA:1518,0
DA:1519,0
DA:1520,0
DA:1521,0
DA:1522,0
DA:1523,0
DA:1524,0
DA:1525,0
DA:1526,0
DA:1527,0
DA:1528,0
DA:1529,0
DA:1530,0
DA:1531,0
DA:1532,0
DA:1533,0
DA:1534,0
DA:1535,0
DA:1536,0
DA:1537,0
DA:1538,0
DA:1539,0
DA:1540,0
DA:1541,0
DA:1542,0
DA:1543,0
DA:1544,0
DA:1545,0
DA:1546,0
DA:1547,0
DA:1548,0
DA:1549,0
DA:1550,0
DA:1551,0
DA:1552,0
DA:1553,0
DA:1554,0
DA:1555,0
DA:1556,0
DA:1557,0
DA:1558,0
DA:1559,0
DA:1560,0
DA:1561,0
DA:1562,0
DA:1563,0
DA:1564,0
DA:1565,0
DA:1566,0
DA:1567,0
DA:1568,0
DA:1569,0
DA:1570,0
DA:1571,0
DA:1572,0
DA:1573,0
DA:1574,0
DA:1575,0
DA:1576,0
DA:1577,0
DA:1578,0
DA:1579,0
DA:1580,0
DA:1581,0
DA:1582,0
DA:1583,0
DA:1584,0
DA:1585,0
DA:1586,0
DA:1587,0
DA:1588,0
DA:1589,0
DA:1590,0
DA:1591,0
DA:1592,0
DA:1593,0
DA:1594,0
DA:1595,0
DA:1596,0
DA:1597,0
DA:1598,0
DA:1599,0
DA:1600,0
DA:1601,0
DA:1602,0
DA:1603,0
DA:1604,0
DA:1605,0
DA:1606,0
DA:1607,0
DA:1608,0
DA:1609,0
DA:1610,0
DA:1611,0
DA:1612,0
DA:1613,0
DA:1614,0
DA:1615,0
DA:1616,1
DA:1617,16
DA:1618,16
DA:1619,16
DA:1620,16
DA:1621,16
DA:1622,16
DA:1623,16
DA:1624,16
DA:1625,16
DA:1626,16
DA:1627,6
DA:1628,6
DA:1629,6
DA:1630,6
DA:1631,6
DA:1632,6
DA:1633,6
DA:1634,6
DA:1635,6
DA:1636,6
DA:1637,6
DA:1638,6
DA:1639,6
DA:1640,6
DA:1641,6
DA:1642,6
DA:1643,6
DA:1644,6
DA:1645,6
DA:1646,6
DA:1647,6
DA:1648,6
DA:1649,6
DA:1650,6
DA:1651,6
DA:1652,6
DA:1653,6
DA:1654,6
DA:1655,6
DA:1656,6
DA:1657,6
DA:1658,16
DA:1659,16
DA:1660,1
DA:1661,16
DA:1662,16
DA:1663,16
DA:1664,16
DA:1665,16
DA:1666,16
DA:1667,16
DA:1668,16
DA:1669,16
DA:1670,16
DA:1671,8
DA:1672,8
DA:1673,8
DA:1674,8
DA:1675,8
DA:1676,8
DA:1677,8
DA:1678,8
DA:1679,8
DA:1680,8
DA:1681,8
DA:1682,8
DA:1683,8
DA:1684,8
DA:1685,8
DA:1686,8
DA:1687,8
DA:1688,8
DA:1689,8
DA:1690,8
DA:1691,8
DA:1692,8
DA:1693,8
DA:1694,8
DA:1695,8
DA:1696,8
DA:1697,8
DA:1698,8
DA:1699,8
DA:1700,16
DA:1701,16
DA:1702,1
DA:1703,16
DA:1704,16
DA:1705,16
DA:1706,16
DA:1707,16
DA:1708,16
DA:1709,16
DA:1710,16
DA:1711,16
DA:1712,16
DA:1713,16
DA:1714,16
DA:1715,16
DA:1716,16
DA:1717,0
DA:1718,0
DA:1719,0
DA:1720,0
DA:1721,0
DA:1722,0
DA:1723,16
DA:1724,16
DA:1725,0
DA:1726,0
DA:1727,0
DA:1728,0
DA:1729,0
DA:1730,0
DA:1731,16
DA:1732,16
DA:1733,16
DA:1734,16
DA:1735,0
DA:1736,0
DA:1737,0
DA:1738,0
DA:1739,0
DA:1740,0
DA:1741,0
DA:1742,0
DA:1743,0
DA:1744,0
DA:1745,0
DA:1746,0
DA:1747,0
DA:1748,0
DA:1749,0
DA:1750,0
DA:1751,0
DA:1752,0
DA:1753,0
DA:1754,0
DA:1755,0
DA:1756,0
DA:1757,0
DA:1758,0
DA:1759,0
DA:1760,0
DA:1761,0
DA:1762,0
DA:1763,0
DA:1764,0
DA:1765,0
DA:1766,0
DA:1767,0
DA:1768,0
DA:1769,0
DA:1770,0
DA:1771,0
DA:1772,16
DA:1773,16
DA:1774,16
DA:1775,1
DA:1776,223
DA:1777,223
DA:1778,223
DA:1779,223
DA:1780,223
DA:1781,223
DA:1782,223
DA:1783,223
DA:1784,223
DA:1785,223
DA:1786,223
DA:1787,223
DA:1788,223
DA:1789,10
DA:1790,10
DA:1791,223
DA:1792,0
DA:1793,0
DA:1794,223
DA:1795,10
DA:1796,10
DA:1797,10
DA:1798,10
DA:1799,10
DA:1800,1
DA:1801,1
DA:1802,35
DA:1803,35
DA:1804,35
DA:1805,35
DA:1806,35
DA:1807,35
DA:1808,35
DA:1809,35
DA:1810,35
DA:1811,35
DA:1812,35
DA:1813,35
DA:1814,35
DA:1815,35
DA:1816,35
DA:1817,35
DA:1818,35
DA:1819,35
DA:1820,35
DA:1821,35
DA:1822,35
DA:1823,35
DA:1824,35
DA:1825,35
DA:1826,35
DA:1827,35
DA:1828,36
DA:1829,36
DA:1830,36
DA:1831,36
DA:1832,36
DA:1833,36
DA:1834,36
DA:1835,2
DA:1836,2
DA:1837,2
DA:1838,36
DA:1839,36
DA:1840,4
DA:1841,4
DA:1842,4
DA:1843,4
DA:1844,4
DA:1845,36
DA:1846,36
DA:1847,35
DA:1848,35
DA:1849,35
DA:1850,35
DA:1851,35
DA:1852,35
DA:1853,35
DA:1854,35
DA:1855,35
DA:1856,35
DA:1857,35
DA:1858,35
DA:1859,35
DA:1860,35
DA:1861,35
DA:1862,35
DA:1863,35
DA:1864,35
DA:1865,35
DA:1866,35
DA:1867,35
DA:1868,35
DA:1869,35
DA:1870,35
DA:1871,36
DA:1872,36
DA:1873,36
DA:1874,36
DA:1875,36
DA:1876,36
DA:1877,36
DA:1878,36
DA:1879,36
DA:1880,36
DA:1881,36
DA:1882,36
DA:1883,36
DA:1884,36
DA:1885,36
DA:1886,36
DA:1887,36
DA:1888,36
DA:1889,36
DA:1890,36
DA:1891,36
DA:1892,36
DA:1893,36
DA:1894,36
DA:1895,36
DA:1896,36
DA:1897,36
DA:1898,36
DA:1899,36
DA:1900,36
DA:1901,36
DA:1902,36
DA:1903,36
DA:1904,36
DA:1905,36
DA:1906,1
DA:1907,1
DA:1908,1
DA:1909,1
DA:1910,1
DA:1911,1
DA:1912,1
DA:1913,1
DA:1914,1
DA:1915,1
DA:1916,1
DA:1917,1
DA:1918,36
DA:1919,36
DA:1920,36
DA:1921,36
DA:1922,36
DA:1923,36
DA:1924,36
DA:1925,2
DA:1926,2
DA:1927,2
DA:1928,2
DA:1929,2
DA:1930,2
DA:1931,2
DA:1932,2
DA:1933,2
DA:1934,2
DA:1935,2
DA:1936,2
DA:1937,2
DA:1938,2
DA:1939,2
DA:1940,2
DA:1941,2
DA:1942,36
DA:1943,36
DA:1944,36
DA:1945,36
DA:1946,36
DA:1947,36
DA:1948,36
DA:1949,36
DA:1950,36
DA:1951,36
DA:1952,36
DA:1953,36
DA:1954,9
DA:1955,9
DA:1956,9
DA:1957,9
DA:1958,9
DA:1959,9
DA:1960,36
DA:1961,36
DA:1962,36
DA:1963,36
DA:1964,36
DA:1965,36
DA:1966,36
DA:1967,36
DA:1968,36
DA:1969,36
DA:1970,36
DA:1971,36
DA:1972,36
DA:1973,36
DA:1974,36
DA:1975,36
DA:1976,36
DA:1977,36
DA:1978,36
DA:1979,36
DA:1980,576
DA:1981,576
DA:1982,36
DA:1983,36
DA:1984,36
DA:1985,36
DA:1986,36
DA:1987,36
DA:1988,36
DA:1989,36
DA:1990,36
DA:1991,36
DA:1992,36
DA:1993,36
DA:1994,36
DA:1995,36
DA:1996,36
DA:1997,36
DA:1998,4
DA:1999,4
DA:2000,4
DA:2001,4
DA:2002,4
DA:2003,4
DA:2004,4
DA:2005,4
DA:2006,4
DA:2007,36
DA:2008,36
DA:2009,36
DA:2010,36
DA:2011,36
DA:2012,36
DA:2013,36
DA:2014,36
DA:2015,36
DA:2016,36
DA:2017,36
DA:2018,0
DA:2019,0
DA:2020,0
DA:2021,0
DA:2022,0
DA:2023,36
DA:2024,36
DA:2025,36
DA:2026,36
DA:2027,36
DA:2028,36
DA:2029,36
DA:2030,36
DA:2031,36
DA:2032,36
DA:2033,36
DA:2034,36
DA:2035,36
DA:2036,36
DA:2037,11
DA:2038,11
DA:2039,11
DA:2040,11
DA:2041,11
DA:2042,11
DA:2043,11
DA:2044,11
DA:2045,11
DA:2046,11
DA:2047,11
DA:2048,11
DA:2049,11
DA:2050,11
DA:2051,11
DA:2052,11
DA:2053,11
DA:2054,36
DA:2055,36
DA:2056,36
DA:2057,36
DA:2058,36
DA:2059,36
DA:2060,36
DA:2061,36
DA:2062,36
DA:2063,36
DA:2064,36
DA:2065,36
DA:2066,36
DA:2067,36
DA:2068,36
DA:2069,36
DA:2070,36
DA:2071,36
DA:2072,36
DA:2073,36
DA:2074,36
DA:2075,0
DA:2076,0
DA:2077,0
DA:2078,0
DA:2079,36
DA:2080,36
DA:2081,36
DA:2082,36
DA:2083,36
DA:2084,36
DA:2085,36
DA:2086,36
DA:2087,36
DA:2088,36
DA:2089,36
DA:2090,36
DA:2091,36
DA:2092,36
DA:2093,36
DA:2094,36
DA:2095,36
DA:2096,36
DA:2097,36
DA:2098,35
DA:2099,35
DA:2100,35
DA:2101,35
DA:2102,35
DA:2103,35
DA:2104,35
DA:2105,35
DA:2106,35
DA:2107,35
DA:2108,35
DA:2109,35
DA:2110,35
DA:2111,36
DA:2112,35
DA:2113,36
DA:2114,1
DA:2115,1
DA:2116,36
DA:2117,36
DA:2118,35
DA:2119,35
DA:2120,35
DA:2121,35
DA:2122,35
DA:2123,35
DA:2124,35
DA:2125,35
DA:2126,35
DA:2127,36
DA:2128,5
DA:2129,5
DA:2130,5
DA:2131,5
DA:2132,35
DA:2133,35
DA:2134,35
DA:2135,35
DA:2136,36
DA:2137,36
DA:2138,36
DA:2139,36
DA:2140,36
DA:2141,36
DA:2142,36
DA:2143,36
DA:2144,36
DA:2145,36
DA:2146,36
DA:2147,36
DA:2148,36
DA:2149,36
DA:2150,36
DA:2151,36
DA:2152,36
DA:2153,36
DA:2154,36
DA:2155,36
DA:2156,36
DA:2157,36
DA:2158,36
DA:2159,36
DA:2160,36
DA:2161,36
DA:2162,36
DA:2163,36
DA:2164,36
DA:2165,36
DA:2166,36
DA:2167,36
DA:2168,36
DA:2169,36
DA:2170,36
DA:2171,34
DA:2172,34
DA:2173,34
DA:2174,34
DA:2175,34
DA:2176,34
DA:2177,34
DA:2178,34
DA:2179,34
DA:2180,35
DA:2181,35
DA:2182,35
DA:2183,9
DA:2184,9
DA:2185,9
DA:2186,9
DA:2187,0
DA:2188,0
DA:2189,0
DA:2190,0
DA:2191,0
DA:2192,9
DA:2193,9
DA:2194,35
DA:2195,35
DA:2196,35
DA:2197,0
DA:2198,0
DA:2199,0
DA:2200,0
DA:2201,0
DA:2202,0
DA:2203,0
DA:2204,0
DA:2205,0
DA:2206,0
DA:2207,0
DA:2208,0
DA:2209,0
DA:2210,0
DA:2211,0
DA:2212,0
DA:2213,0
DA:2214,0
DA:2215,0
DA:2216,0
DA:2217,0
DA:2218,0
DA:2219,35
DA:2220,35
DA:2221,35
DA:2222,0
DA:2223,0
DA:2224,0
DA:2225,0
DA:2226,0
DA:2227,0
DA:2228,0
DA:2229,0
DA:2230,0
DA:2231,0
DA:2232,0
DA:2233,0
DA:2234,0
DA:2235,0
DA:2236,0
DA:2237,0
DA:2238,0
DA:2239,0
DA:2240,0
DA:2241,0
DA:2242,0
DA:2243,0
DA:2244,0
DA:2245,0
DA:2246,0
DA:2247,0
DA:2248,35
DA:2249,34
DA:2250,34
DA:2251,34
DA:2252,34
DA:2253,34
DA:2254,34
DA:2255,34
DA:2256,34
DA:2257,35
DA:2258,0
DA:2259,0
DA:2260,35
DA:2261,0
DA:2262,0
DA:2263,35
DA:2264,0
DA:2265,0
DA:2266,0
DA:2267,0
DA:2268,35
DA:2269,34
DA:2270,34
DA:2271,34
DA:2272,34
DA:2273,34
DA:2274,34
DA:2275,34
DA:2276,34
DA:2277,34
DA:2278,34
DA:2279,34
DA:2280,34
DA:2281,34
DA:2282,34
DA:2283,34
DA:2284,34
DA:2285,34
DA:2286,34
DA:2287,34
DA:2288,34
DA:2289,34
DA:2290,34
DA:2291,34
DA:2292,34
DA:2293,34
DA:2294,34
DA:2295,34
DA:2296,34
DA:2297,34
DA:2298,34
DA:2299,34
DA:2300,34
DA:2301,34
DA:2302,34
DA:2303,34
DA:2304,34
DA:2305,34
DA:2306,34
DA:2307,34
DA:2308,34
DA:2309,34
DA:2310,34
DA:2311,34
DA:2312,34
DA:2313,34
DA:2314,34
DA:2315,34
DA:2316,34
DA:2317,34
DA:2318,34
DA:2319,34
DA:2320,34
DA:2321,34
DA:2322,34
DA:2323,34
DA:2324,34
DA:2325,34
DA:2326,34
DA:2327,34
DA:2328,34
DA:2329,34
DA:2330,34
DA:2331,34
DA:2332,34
DA:2333,34
DA:2334,34
DA:2335,34
DA:2336,34
DA:2337,34
DA:2338,34
DA:2339,34
DA:2340,34
DA:2341,35
DA:2342,0
DA:2343,0
DA:2344,0
DA:2345,0
DA:2346,0
DA:2347,35
DA:2348,0
DA:2349,0
DA:2350,0
DA:2351,0
DA:2352,0
DA:2353,0
DA:2354,0
DA:2355,0
DA:2356,0
DA:2357,0
DA:2358,35
DA:2359,34
DA:2360,34
DA:2361,34
DA:2362,34
DA:2363,34
DA:2364,34
DA:2365,34
DA:2366,34
DA:2367,34
DA:2368,34
DA:2369,34
DA:2370,34
DA:2371,35
DA:2372,544
DA:2373,544
DA:2374,782
DA:2375,782
DA:2376,782
DA:2377,782
DA:2378,782
DA:2379,782
DA:2380,782
DA:2381,782
DA:2382,782
DA:2383,544
DA:2384,34
DA:2385,34
DA:2386,35
DA:2387,4
DA:2388,4
DA:2389,4
DA:2390,4
DA:2391,4
DA:2392,4
DA:2393,4
DA:2394,4
DA:2395,34
DA:2396,34
DA:2397,34
DA:2398,34
DA:2399,34
DA:2400,34
DA:2401,34
DA:2402,34
DA:2403,35
DA:2404,0
DA:2405,0
DA:2406,0
DA:2407,0
DA:2408,0
DA:2409,0
DA:2410,34
DA:2411,34
DA:2412,35
DA:2413,35
DA:2414,35
DA:2415,35
DA:2416,35
DA:2417,35
DA:2418,35
DA:2419,35
DA:2420,35
DA:2421,34
DA:2422,34
DA:2423,34
DA:2424,1
DA:2425,1
DA:2426,2
DA:2427,2
DA:2428,2
DA:2429,2
DA:2430,2
DA:2431,2
DA:2432,2
DA:2433,2
DA:2434,2
DA:2435,2
DA:2436,2
DA:2437,2
DA:2438,2
DA:2439,2
DA:2440,2
DA:2441,2
DA:2442,2
DA:2443,2
DA:2444,1
DA:2445,1
DA:2446,1
DA:2447,1
DA:2448,1
DA:2449,1
DA:2450,1
DA:2451,1
DA:2452,1
DA:2453,1
DA:2454,1
DA:2455,1
DA:2456,1
DA:2457,1
DA:2458,1
DA:2459,1
DA:2460,1
DA:2461,1
DA:2462,1
DA:2463,1
DA:2464,1
DA:2465,1
DA:2466,1
DA:2467,1
DA:2468,1
DA:2469,1
DA:2470,1
DA:2471,1
DA:2472,1
DA:2473,1
DA:2474,1
DA:2475,1
DA:2476,1
DA:2477,1
DA:2478,1
DA:2479,1
DA:2480,1
DA:2481,1
DA:2482,1
DA:2483,1
DA:2484,1
DA:2485,1
DA:2486,1
DA:2487,1
DA:2488,1
DA:2489,1
DA:2490,0
DA:2491,0
DA:2492,0
DA:2493,0
DA:2494,1
DA:2495,1
DA:2496,1
DA:2497,1
DA:2498,1
DA:2499,1
DA:2500,1
DA:2501,1
DA:2502,1
DA:2503,1
DA:2504,1
DA:2505,1
DA:2506,1
DA:2507,1
DA:2508,1
DA:2509,1
DA:2510,1
DA:2511,1
DA:2512,1
DA:2513,1
DA:2514,1
DA:2515,1
DA:2516,1
DA:2517,1
DA:2518,1
DA:2519,1
DA:2520,1
DA:2521,1
DA:2522,1
DA:2523,1
DA:2524,1
DA:2525,1
DA:2526,0
DA:2527,0
DA:2528,0
DA:2529,0
DA:2530,0
DA:2531,0
DA:2532,0
DA:2533,0
DA:2534,0
DA:2535,0
DA:2536,0
DA:2537,0
DA:2538,0
DA:2539,1
DA:2540,1
DA:2541,1
DA:2542,1
DA:2543,1
DA:2544,1
DA:2545,1
DA:2546,0
DA:2547,0
DA:2548,0
DA:2549,0
DA:2550,0
DA:2551,0
DA:2552,0
DA:2553,0
DA:2554,0
DA:2555,0
DA:2556,0
DA:2557,0
DA:2558,0
DA:2559,1
DA:2560,1
DA:2561,1
DA:2562,1
DA:2563,1
DA:2564,1
DA:2565,1
DA:2566,1
DA:2567,1
DA:2568,1
DA:2569,1
DA:2570,1
DA:2571,1
DA:2572,1
DA:2573,1
DA:2574,1
DA:2575,1
DA:2576,1
DA:2577,1
DA:2578,1
DA:2579,1
DA:2580,1
DA:2581,1
DA:2582,1
DA:2583,1
DA:2584,1
DA:2585,1
DA:2586,1
DA:2587,1
DA:2588,1
DA:2589,1
DA:2590,1
DA:2591,1
DA:2592,1
DA:2593,1
DA:2594,1
DA:2595,1
DA:2596,1
DA:2597,1
DA:2598,1
DA:2599,1
DA:2600,1
DA:2601,1
DA:2602,0
DA:2603,0
DA:2604,1
DA:2605,0
DA:2606,0
DA:2607,1
DA:2608,0
DA:2609,0
DA:2610,1
DA:2611,1
DA:2612,1
DA:2613,1
DA:2614,1
DA:2615,1
DA:2616,1
DA:2617,0
DA:2618,0
DA:2619,0
DA:2620,0
DA:2621,0
DA:2622,0
DA:2623,0
DA:2624,0
DA:2625,0
DA:2626,0
DA:2627,1
DA:2628,1
DA:2629,1
DA:2630,1
DA:2631,1
DA:2632,1
DA:2633,1
DA:2634,1
DA:2635,1
DA:2636,1
DA:2637,1
DA:2638,1
DA:2639,0
DA:2640,0
DA:2641,0
DA:2642,0
DA:2643,0
DA:2644,0
DA:2645,0
DA:2646,0
DA:2647,0
DA:2648,0
DA:2649,1
DA:2650,1
DA:2651,1
DA:2652,1
DA:2653,1
DA:2654,1
DA:2655,1
DA:2656,1
DA:2657,1
DA:2658,1
DA:2659,1
DA:2660,1
DA:2661,0
DA:2662,0
DA:2663,0
DA:2664,0
DA:2665,0
DA:2666,0
DA:2667,0
DA:2668,0
DA:2669,0
DA:2670,0
DA:2671,0
DA:2672,0
DA:2673,0
DA:2674,0
DA:2675,0
DA:2676,0
DA:2677,0
DA:2678,0
DA:2679,0
DA:2680,1
DA:2681,1
DA:2682,1
DA:2683,2
DA:2684,2
DA:2685,2
DA:2686,2
DA:2687,2
DA:2688,2
DA:2689,2
DA:2690,2
DA:2691,2
DA:2692,2
DA:2693,2
DA:2694,2
DA:2695,2
DA:2696,2
DA:2697,2
DA:2698,2
DA:2699,2
DA:2700,2
DA:2701,2
DA:2702,2
DA:2703,0
DA:2704,0
DA:2705,0
DA:2706,0
DA:2707,0
DA:2708,2
DA:2709,0
DA:2710,0
DA:2711,0
DA:2712,0
DA:2713,0
DA:2714,0
DA:2715,0
DA:2716,0
DA:2717,0
DA:2718,0
DA:2719,2
DA:2720,2
DA:2721,2
DA:2722,2
DA:2723,2
DA:2724,2
DA:2725,2
DA:2726,2
DA:2727,1
DA:2728,1
DA:2729,1
DA:2730,1
DA:2731,1
DA:2732,1
DA:2733,1
DA:2734,1
DA:2735,1
DA:2736,1
DA:2737,11
DA:2738,11
DA:2739,11
DA:2740,11
DA:2741,11
DA:2742,11
DA:2743,11
DA:2744,11
DA:2745,11
DA:2746,11
DA:2747,11
DA:2748,11
DA:2749,11
DA:2750,11
DA:2751,11
DA:2752,11
DA:2753,11
DA:2754,11
DA:2755,15
DA:2756,15
DA:2757,15
DA:2758,15
DA:2759,15
DA:2760,15
DA:2761,15
DA:2762,15
DA:2763,15
DA:2764,15
DA:2765,15
DA:2766,15
DA:2767,15
DA:2768,15
DA:2769,15
DA:2770,15
DA:2771,15
DA:2772,15
DA:2773,15
DA:2774,15
DA:2775,15
DA:2776,15
DA:2777,15
DA:2778,15
DA:2779,15
DA:2780,15
DA:2781,15
DA:2782,3
DA:2783,3
DA:2784,3
DA:2785,3
DA:2786,3
DA:2787,3
DA:2788,3
DA:2789,3
DA:2790,3
DA:2791,3
DA:2792,3
DA:2793,15
DA:2794,15
DA:2795,15
DA:2796,15
DA:2797,15
DA:2798,15
DA:2799,15
DA:2800,15
DA:2801,15
DA:2802,15
DA:2803,15
DA:2804,0
DA:2805,0
DA:2806,0
DA:2807,0
DA:2808,15
DA:2809,15
DA:2810,15
DA:2811,15
DA:2812,15
DA:2813,15
DA:2814,15
DA:2815,15
DA:2816,15
DA:2817,15
DA:2818,15
DA:2819,15
DA:2820,5
DA:2821,5
DA:2822,5
DA:2823,5
DA:2824,5
DA:2825,15
DA:2826,15
DA:2827,15
DA:2828,15
DA:2829,15
DA:2830,15
DA:2831,15
DA:2832,15
DA:2833,15
DA:2834,15
DA:2835,15
DA:2836,15
DA:2837,15
DA:2838,15
DA:2839,15
DA:2840,15
DA:2841,15
DA:2842,15
DA:2843,15
DA:2844,15
DA:2845,15
DA:2846,15
DA:2847,15
DA:2848,15
DA:2849,2
DA:2850,2
DA:2851,2
DA:2852,2
DA:2853,15
DA:2854,15
DA:2855,15
DA:2856,15
DA:2857,15
DA:2858,15
DA:2859,15
DA:2860,15
DA:2861,15
DA:2862,15
DA:2863,15
DA:2864,15
DA:2865,15
DA:2866,15
DA:2867,15
DA:2868,15
DA:2869,15
DA:2870,15
DA:2871,15
DA:2872,15
DA:2873,15
DA:2874,15
DA:2875,15
DA:2876,15
DA:2877,15
DA:2878,15
DA:2879,15
DA:2880,15
DA:2881,15
DA:2882,15
DA:2883,15
DA:2884,15
DA:2885,15
DA:2886,15
DA:2887,15
DA:2888,15
DA:2889,15
DA:2890,15
DA:2891,15
DA:2892,15
DA:2893,15
DA:2894,15
DA:2895,15
DA:2896,15
DA:2897,3
DA:2898,3
DA:2899,15
DA:2900,2
DA:2901,2
DA:2902,15
DA:2903,0
DA:2904,0
DA:2905,15
DA:2906,5
DA:2907,5
DA:2908,15
DA:2909,5
DA:2910,5
DA:2911,15
DA:2912,0
DA:2913,0
DA:2914,0
DA:2915,0
DA:2916,0
DA:2917,0
DA:2918,0
DA:2919,0
DA:2920,0
DA:2921,0
DA:2922,15
DA:2923,5
DA:2924,5
DA:2925,5
DA:2926,5
DA:2927,5
DA:2928,5
DA:2929,5
DA:2930,5
DA:2931,5
DA:2932,5
DA:2933,15
DA:2934,0
DA:2935,0
DA:2936,0
DA:2937,0
DA:2938,0
DA:2939,0
DA:2940,0
DA:2941,0
DA:2942,0
DA:2943,0
DA:2944,15
DA:2945,15
DA:2946,1
DA:2947,1
DA:2948,1
DA:2949,1
DA:2950,1
DA:2951,1
DA:2952,1
DA:2953,1
DA:2954,1
DA:2955,1
DA:2956,15
DA:2957,2
DA:2958,2
DA:2959,2
DA:2960,2
DA:2961,2
DA:2962,2
DA:2963,2
DA:2964,2
DA:2965,2
DA:2966,15
DA:2967,0
DA:2968,0
DA:2969,0
DA:2970,0
DA:2971,0
DA:2972,0
DA:2973,0
DA:2974,0
DA:2975,0
DA:2976,0
DA:2977,0
DA:2978,0
DA:2979,0
DA:2980,0
DA:2981,0
DA:2982,0
DA:2983,0
DA:2984,0
DA:2985,0
DA:2986,15
DA:2987,15
DA:2988,15
DA:2989,11
DA:2990,11
DA:2991,11
DA:2992,11
DA:2993,11
DA:2994,11
DA:2995,11
DA:2996,11
DA:2997,11
DA:2998,11
DA:2999,11
DA:3000,11
DA:3001,11
DA:3002,11
DA:3003,11
DA:3004,11
DA:3005,11
DA:3006,11
DA:3007,11
DA:3008,11
DA:3009,11
DA:3010,11
DA:3011,11
DA:3012,11
DA:3013,11
DA:3014,11
DA:3015,11
DA:3016,11
DA:3017,2
DA:3018,2
DA:3019,0
DA:3020,0
DA:3021,2
DA:3022,11
DA:3023,0
DA:3024,0
DA:3025,0
DA:3026,0
DA:3027,0
DA:3028,0
DA:3029,0
DA:3030,0
DA:3031,0
DA:3032,0
DA:3033,11
DA:3034,11
DA:3035,11
DA:3036,11
DA:3037,11
DA:3038,11
DA:3039,11
DA:3040,11
LF:3040
LH:2300
BRDA:155,0,0,51
BRDA:163,1,0,7
BRDA:168,2,0,3
BRDA:168,3,0,4
BRDA:171,4,0,3
BRDA:171,5,0,4
BRDA:176,6,0,38
BRDA:179,7,0,13
BRDA:178,8,0,38
BRDA:184,9,0,49
BRDA:189,10,0,0
BRDA:193,11,0,11
BRDA:196,12,0,0
BRDA:198,13,0,0
BRDA:198,14,0,0
BRDA:207,15,0,31
BRDA:211,16,0,0
BRDA:224,17,0,37
BRDA:227,18,0,3
BRDA:228,19,0,3
BRDA:229,20,0,3
BRDA:230,21,0,3
BRDA:231,22,0,6
BRDA:237,23,0,28
BRDA:238,24,0,14
BRDA:240,25,0,0
BRDA:241,26,0,10
BRDA:243,27,0,14
BRDA:244,28,0,13
BRDA:244,29,0,3
BRDA:245,30,0,11
BRDA:245,31,0,1
BRDA:245,32,0,0
BRDA:246,33,0,11
BRDA:248,34,0,0
BRDA:249,35,0,11
BRDA:251,36,0,3
BRDA:252,37,0,20
BRDA:241,38,0,10
BRDA:256,39,0,27
BRDA:258,40,0,18
BRDA:259,41,0,9
BRDA:261,42,0,9
BRDA:261,43,0,0
BRDA:262,44,0,0
BRDA:267,45,0,46
BRDA:268,46,0,13
BRDA:269,47,0,33
BRDA:269,48,0,0
BRDA:270,49,0,33
BRDA:270,50,0,19
BRDA:271,51,0,14
BRDA:274,52,0,15
BRDA:278,53,0,0
BRDA:290,54,0,10
BRDA:291,55,0,0
BRDA:291,56,0,0
BRDA:297,57,0,1
BRDA:298,58,0,1
BRDA:299,59,0,1
BRDA:302,60,0,1
BRDA:305,61,0,9
BRDA:306,62,0,0
BRDA:307,63,0,9
BRDA:307,64,0,1
BRDA:307,65,0,8
BRDA:307,66,0,6
BRDA:311,67,0,8
BRDA:300,68,0,1
BRDA:300,69,0,0
BRDA:307,70,0,15
BRDA:315,71,0,4
BRDA:317,72,0,2
BRDA:319,73,0,0
BRDA:322,74,0,2
BRDA:323,75,0,1
BRDA:329,76,0,0
BRDA:333,77,0,341
BRDA:340,78,0,1053
BRDA:342,79,0,1052
BRDA:342,80,0,1052
BRDA:342,81,0,1
BRDA:345,82,0,1052
BRDA:348,83,0,218
BRDA:350,84,0,0
BRDA:355,85,0,0
BRDA:349,86,0,458
BRDA:361,87,0,1053
BRDA:366,88,0,79
BRDA:374,89,0,50
BRDA:378,90,0,63
BRDA:387,91,0,61
BRDA:390,92,0,2
BRDA:391,93,0,2
BRDA:391,94,0,0
BRDA:394,95,0,0
BRDA:397,96,0,2
BRDA:402,97,0,0
BRDA:402,98,0,0
BRDA:413,99,0,2
BRDA:414,100,0,0
BRDA:414,101,0,2
BRDA:415,102,0,0
BRDA:418,103,0,2
BRDA:422,104,0,31
BRDA:424,105,0,19
BRDA:425,106,0,12
BRDA:427,107,0,40
BRDA:429,108,0,4
BRDA:431,109,0,8
BRDA:435,110,0,7
BRDA:436,111,0,11
BRDA:438,112,0,3
BRDA:440,113,0,4
BRDA:443,114,0,3
BRDA:448,115,0,16
BRDA:449,116,0,3
BRDA:449,117,0,13
BRDA:450,118,0,3
BRDA:453,119,0,2
BRDA:456,120,0,3
BRDA:456,121,0,0
BRDA:459,122,0,3
BRDA:459,123,0,0
BRDA:462,124,0,3
BRDA:462,125,0,0
BRDA:462,126,0,0
BRDA:473,127,0,3
BRDA:474,128,0,2
BRDA:474,129,0,1
BRDA:477,130,0,8
BRDA:478,131,0,4
BRDA:478,132,0,4
BRDA:480,133,0,1
BRDA:480,134,0,3
BRDA:483,135,0,16
BRDA:484,136,0,1
BRDA:484,137,0,15
BRDA:486,138,0,2
BRDA:490,139,0,4
BRDA:491,140,0,2
BRDA:491,141,0,2
BRDA:494,142,0,8
BRDA:495,143,0,4
BRDA:495,144,0,4
BRDA:497,145,0,3
BRDA:497,146,0,3
BRDA:497,147,0,1
BRDA:500,148,0,5
BRDA:504,149,0,0
BRDA:529,150,0,25
BRDA:531,151,0,3
BRDA:537,152,0,2
BRDA:538,153,0,0
BRDA:549,154,0,1
BRDA:550,155,0,0
BRDA:510,156,0,3
BRDA:511,157,0,10
BRDA:513,158,0,0
BRDA:516,159,0,0
BRDA:516,160,0,5
BRDA:517,161,0,0
BRDA:517,162,0,0
BRDA:519,163,0,0
BRDA:519,164,0,5
BRDA:520,165,0,0
BRDA:520,166,0,0
BRDA:523,167,0,8
BRDA:542,168,0,5
BRDA:543,169,0,5
BRDA:554,170,0,5
BRDA:555,171,0,5
BRDA:560,172,0,25
BRDA:563,173,0,21
BRDA:564,174,0,0
BRDA:567,175,0,1
BRDA:569,176,0,0
BRDA:581,177,0,0
BRDA:584,178,0,1
BRDA:585,179,0,0
BRDA:586,180,0,0
BRDA:587,181,0,0
BRDA:590,182,0,0
BRDA:591,183,0,0
BRDA:591,184,0,0
BRDA:592,185,0,0
BRDA:592,186,0,0
BRDA:596,187,0,10
BRDA:597,188,0,1
BRDA:597,189,0,9
BRDA:598,190,0,1
BRDA:602,191,0,0
BRDA:603,192,0,1
BRDA:603,193,0,0
BRDA:604,194,0,1
BRDA:604,195,0,0
BRDA:605,196,0,1
BRDA:605,197,0,0
BRDA:606,198,0,1
BRDA:606,199,0,0
BRDA:607,200,0,1
BRDA:607,201,0,0
BRDA:608,202,0,1
BRDA:609,203,0,0
BRDA:610,204,0,1
BRDA:610,205,0,0
BRDA:611,206,0,1
BRDA:611,207,0,0
BRDA:612,208,0,1
BRDA:612,209,0,0
BRDA:613,210,0,1
BRDA:613,211,0,0
BRDA:614,212,0,1
BRDA:614,213,0,0
BRDA:615,214,0,1
BRDA:615,215,0,0
BRDA:616,216,0,1
BRDA:616,217,0,0
BRDA:617,218,0,1
BRDA:617,219,0,0
BRDA:618,220,0,1
BRDA:618,221,0,0
BRDA:619,222,0,1
BRDA:619,223,0,0
BRDA:619,224,0,0
BRDA:622,225,0,1
BRDA:623,226,0,0
BRDA:624,227,0,1
BRDA:625,228,0,0
BRDA:626,229,0,1
BRDA:626,230,0,0
BRDA:627,231,0,1
BRDA:628,232,0,0
BRDA:631,233,0,5
BRDA:632,234,0,1
BRDA:632,235,0,4
BRDA:633,236,0,1
BRDA:634,237,0,0
BRDA:634,238,0,1
BRDA:637,239,0,0
BRDA:640,240,0,23
BRDA:641,241,0,4
BRDA:641,242,0,19
BRDA:642,243,0,4
BRDA:644,244,0,0
BRDA:644,245,0,0
BRDA:645,246,0,4
BRDA:645,247,0,4
BRDA:646,248,0,2
BRDA:647,249,0,4
BRDA:647,250,0,0
BRDA:648,251,0,4
BRDA:648,252,0,0
BRDA:649,253,0,4
BRDA:649,254,0,0
BRDA:652,255,0,17
BRDA:653,256,0,9
BRDA:653,257,0,8
BRDA:654,258,0,9
BRDA:656,259,0,1
BRDA:656,260,0,1
BRDA:657,261,0,9
BRDA:657,262,0,9
BRDA:659,263,0,0
BRDA:662,264,0,13
BRDA:664,265,0,12
BRDA:664,266,0,1
BRDA:664,267,0,12
BRDA:665,268,0,10
BRDA:668,269,0,10
BRDA:670,270,0,4
BRDA:670,271,0,6
BRDA:670,272,0,4
BRDA:671,273,0,7
BRDA:674,274,0,7
BRDA:680,275,0,3
BRDA:680,276,0,4
BRDA:682,277,0,3
BRDA:682,278,0,4
BRDA:682,279,0,3
BRDA:686,280,0,5
BRDA:686,281,0,4
BRDA:687,282,0,2
BRDA:693,283,0,5
BRDA:695,284,0,5
BRDA:698,285,0,1
BRDA:698,286,0,4
BRDA:703,287,0,13
BRDA:717,288,0,2
BRDA:717,289,0,11
BRDA:718,290,0,2
BRDA:718,291,0,11
BRDA:719,292,0,2
BRDA:719,293,0,11
BRDA:725,294,0,10
BRDA:729,295,0,7
BRDA:730,296,0,7
BRDA:731,297,0,7
BRDA:732,298,0,3
BRDA:732,299,0,7
BRDA:733,300,0,3
BRDA:733,301,0,7
BRDA:735,302,0,0
BRDA:736,303,0,7
BRDA:737,304,0,3
BRDA:737,305,0,7
BRDA:739,306,0,6
BRDA:740,307,0,4
BRDA:745,308,0,3
BRDA:746,309,0,0
BRDA:748,310,0,0
BRDA:748,311,0,0
BRDA:750,312,0,0
BRDA:762,313,0,2
BRDA:766,314,0,1
BRDA:776,315,0,0
BRDA:782,316,0,4
BRDA:782,317,0,2
BRDA:783,318,0,0
BRDA:785,319,0,4
BRDA:794,320,0,5
BRDA:799,321,0,0
BRDA:800,322,0,0
BRDA:801,323,0,0
BRDA:803,324,0,0
BRDA:806,325,0,3
BRDA:806,326,0,0
BRDA:807,327,0,2
BRDA:808,328,0,0
BRDA:810,329,0,0
BRDA:812,330,0,2
BRDA:813,331,0,3
BRDA:818,332,0,0
BRDA:841,333,0,3
BRDA:844,334,0,0
BRDA:851,335,0,0
BRDA:857,336,0,0
BRDA:860,337,0,3
BRDA:725,338,0,15
BRDA:794,339,0,15
BRDA:875,340,0,36
BRDA:886,341,0,35
BRDA:886,342,0,29
BRDA:889,343,0,7
BRDA:896,344,0,5
BRDA:900,345,0,0
BRDA:901,346,0,0
BRDA:903,347,0,0
BRDA:906,348,0,0
BRDA:906,349,0,0
BRDA:910,350,0,3
BRDA:910,351,0,2
BRDA:910,352,0,3
BRDA:910,353,0,2
BRDA:910,354,0,3
BRDA:913,355,0,0
BRDA:916,356,0,0
BRDA:922,357,0,7
BRDA:925,358,0,0
BRDA:951,359,0,7
BRDA:954,360,0,35
BRDA:965,361,0,4
BRDA:971,362,0,1
BRDA:972,363,0,3
BRDA:983,364,0,0
BRDA:983,365,0,3
BRDA:983,366,0,3
BRDA:983,367,0,1
BRDA:983,368,0,2
BRDA:987,369,0,3
BRDA:987,370,0,0
BRDA:987,371,0,3
BRDA:994,372,0,7
BRDA:919,373,0,11
BRDA:920,374,0,11
BRDA:962,375,0,5
BRDA:962,376,0,6
BRDA:1002,377,0,36
BRDA:1011,378,0,8
BRDA:1017,379,0,0
BRDA:1025,380,0,7
BRDA:1026,381,0,2
BRDA:1026,382,0,5
BRDA:1026,383,0,2
BRDA:1026,384,0,7
BRDA:1026,385,0,0
BRDA:1026,386,0,7
BRDA:1026,387,0,2
BRDA:1026,388,0,5
BRDA:1026,389,0,2
BRDA:1026,390,0,7
BRDA:1026,391,0,2
BRDA:1026,392,0,5
BRDA:1026,393,0,2
BRDA:1026,394,0,5
BRDA:1026,395,0,2
BRDA:1026,396,0,6
BRDA:1026,397,0,1
BRDA:1026,398,0,2
BRDA:1026,399,0,5
BRDA:1026,400,0,2
BRDA:1026,401,0,7
BRDA:1026,402,0,0
BRDA:1026,403,0,2
BRDA:1026,404,0,5
BRDA:1026,405,0,2
BRDA:1026,406,0,7
BRDA:1026,407,0,0
BRDA:1026,408,0,2
BRDA:1026,409,0,5
BRDA:1026,410,0,2
BRDA:1026,411,0,7
BRDA:1026,412,0,0
BRDA:1026,413,0,7
BRDA:1029,414,0,35
BRDA:1032,415,0,35
BRDA:1041,416,0,2
BRDA:1047,417,0,0
BRDA:1054,418,0,0
BRDA:1054,419,0,0
BRDA:1057,420,0,1
BRDA:1057,421,0,1
BRDA:1057,422,0,0
BRDA:1057,423,0,1
BRDA:1057,424,0,1
BRDA:1063,425,0,36
BRDA:1073,426,0,2
BRDA:1073,427,0,2
BRDA:1073,428,0,34
BRDA:1077,429,0,1
BRDA:1080,430,0,0
BRDA:1083,431,0,1
BRDA:1086,432,0,0
BRDA:1096,433,0,0
BRDA:1104,434,0,0
BRDA:1117,435,0,652
BRDA:1133,436,0,644
BRDA:1134,437,0,8
BRDA:1136,438,0,6
BRDA:1136,439,0,6
BRDA:1142,440,0,2
BRDA:1148,441,0,2
BRDA:1149,442,0,0
BRDA:1152,443,0,2
BRDA:1155,444,0,0
BRDA:1156,445,0,2
BRDA:1167,446,0,16
BRDA:1174,447,0,0
BRDA:1187,448,0,0
BRDA:1228,449,0,16
BRDA:1230,450,0,2
BRDA:1279,451,0,13
BRDA:1299,452,0,13
BRDA:1309,453,0,0
BRDA:1354,454,0,47
BRDA:1617,455,0,16
BRDA:1626,456,0,6
BRDA:1632,457,0,0
BRDA:1638,458,0,2
BRDA:1638,459,0,4
BRDA:1638,460,0,2
BRDA:1638,461,0,0
BRDA:1642,462,0,2
BRDA:1642,463,0,4
BRDA:1642,464,0,2
BRDA:1642,465,0,2
BRDA:1642,466,0,4
BRDA:1643,467,0,2
BRDA:1643,468,0,4
BRDA:1643,469,0,2
BRDA:1644,470,0,2
BRDA:1644,471,0,4
BRDA:1644,472,0,2
BRDA:1645,473,0,2
BRDA:1645,474,0,4
BRDA:1645,475,0,2
BRDA:1661,476,0,16
BRDA:1670,477,0,8
BRDA:1676,478,0,0
BRDA:1681,479,0,7
BRDA:1681,480,0,1
BRDA:1681,481,0,7
BRDA:1681,482,0,1
BRDA:1682,483,0,7
BRDA:1682,484,0,0
BRDA:1682,485,0,7
BRDA:1687,486,0,7
BRDA:1687,487,0,7
BRDA:1687,488,0,0
BRDA:1703,489,0,16
BRDA:1712,490,0,3
BRDA:1712,491,0,3
BRDA:1712,492,0,13
BRDA:1716,493,0,0
BRDA:1724,494,0,0
BRDA:1734,495,0,0
BRDA:1776,496,0,223
BRDA:1788,497,0,213
BRDA:1789,498,0,10
BRDA:1791,499,0,0
BRDA:1794,500,0,10
BRDA:1796,501,0,4
BRDA:1796,502,0,6
BRDA:1801,503,0,35
BRDA:1827,504,0,36
BRDA:1831,505,0,4
BRDA:1831,506,0,32
BRDA:1834,507,0,34
BRDA:1835,508,0,2
BRDA:1838,509,0,2
BRDA:1838,510,0,0
BRDA:1838,511,0,2
BRDA:1838,512,0,2
BRDA:1838,513,0,0
BRDA:1839,514,0,4
BRDA:1845,515,0,2
BRDA:1845,516,0,0
BRDA:1870,517,0,36
BRDA:1878,518,0,4
BRDA:1878,519,0,32
BRDA:1905,520,0,1
BRDA:1914,521,0,0
BRDA:1914,522,0,0
BRDA:1914,523,0,0
BRDA:1915,524,0,0
BRDA:1915,525,0,0
BRDA:1916,526,0,0
BRDA:1924,527,0,2
BRDA:1947,528,0,1
BRDA:1953,529,0,9
BRDA:1965,530,0,1
BRDA:1979,531,0,576
BRDA:1990,532,0,0
BRDA:1990,533,0,0
BRDA:1991,534,0,0
BRDA:1991,535,0,0
BRDA:1992,536,0,9
BRDA:1992,537,0,27
BRDA:1992,538,0,9
BRDA:1997,539,0,4
BRDA:2011,540,0,3
BRDA:2017,541,0,0
BRDA:2028,542,0,1
BRDA:2036,543,0,11
BRDA:2074,544,0,0
BRDA:2097,545,0,35
BRDA:2111,546,0,1
BRDA:2112,547,0,35
BRDA:2113,548,0,1
BRDA:2116,549,0,35
BRDA:2116,550,0,1
BRDA:2116,551,0,34
BRDA:2118,552,0,35
BRDA:2127,553,0,5
BRDA:2132,554,0,35
BRDA:2136,555,0,1
BRDA:2136,556,0,34
BRDA:2137,557,0,2
BRDA:2137,558,0,33
BRDA:2138,559,0,5
BRDA:2138,560,0,30
BRDA:2139,561,0,7
BRDA:2139,562,0,28
BRDA:2140,563,0,0
BRDA:2140,564,0,35
BRDA:2141,565,0,1
BRDA:2141,566,0,34
BRDA:2142,567,0,6
BRDA:2142,568,0,29
BRDA:2143,569,0,2
BRDA:2143,570,0,33
BRDA:2144,571,0,1
BRDA:2144,572,0,34
BRDA:2146,573,0,9
BRDA:2146,574,0,26
BRDA:2147,575,0,1
BRDA:2147,576,0,34
BRDA:2148,577,0,5
BRDA:2148,578,0,30
BRDA:2149,579,0,3
BRDA:2149,580,0,32
BRDA:2150,581,0,0
BRDA:2150,582,0,35
BRDA:2151,583,0,0
BRDA:2151,584,0,35
BRDA:2155,585,0,1
BRDA:2155,586,0,34
BRDA:2156,587,0,2
BRDA:2156,588,0,33
BRDA:2157,589,0,5
BRDA:2157,590,0,30
BRDA:2158,591,0,7
BRDA:2158,592,0,28
BRDA:2159,593,0,1
BRDA:2159,594,0,34
BRDA:2160,595,0,6
BRDA:2160,596,0,29
BRDA:2161,597,0,2
BRDA:2161,598,0,33
BRDA:2162,599,0,1
BRDA:2162,600,0,34
BRDA:2164,601,0,9
BRDA:2164,602,0,26
BRDA:2165,603,0,1
BRDA:2165,604,0,34
BRDA:2166,605,0,3
BRDA:2166,606,0,32
BRDA:2167,607,0,0
BRDA:2167,608,0,35
BRDA:2168,609,0,0
BRDA:2168,610,0,35
BRDA:2171,611,0,34
BRDA:2182,612,0,9
BRDA:2185,613,0,0
BRDA:2185,614,0,0
BRDA:2186,615,0,0
BRDA:2192,616,0,0
BRDA:2196,617,0,0
BRDA:2221,618,0,0
BRDA:2249,619,0,34
BRDA:2257,620,0,0
BRDA:2260,621,0,34
BRDA:2260,622,0,0
BRDA:2263,623,0,34
BRDA:2263,624,0,0
BRDA:2269,625,0,34
BRDA:2341,626,0,0
BRDA:2347,627,0,34
BRDA:2347,628,0,0
BRDA:2359,629,0,34
BRDA:2371,630,0,544
BRDA:2373,631,0,782
BRDA:2384,632,0,34
BRDA:2386,633,0,4
BRDA:2395,634,0,34
BRDA:2403,635,0,0
BRDA:2410,636,0,34
BRDA:2412,637,0,0
BRDA:2412,638,0,34
BRDA:2414,639,0,0
BRDA:2414,640,0,34
BRDA:2421,641,0,34
BRDA:1836,642,0,2
BRDA:2174,643,0,34
BRDA:2184,644,0,9
BRDA:2272,645,0,37
BRDA:2283,646,0,24
BRDA:2303,647,0,2
BRDA:2339,648,0,35
BRDA:2399,649,0,4
BRDA:2425,650,0,2
BRDA:2443,651,0,1
BRDA:2451,652,0,0
BRDA:2477,653,0,0
BRDA:2477,654,0,0
BRDA:2477,655,0,0
BRDA:2478,656,0,0
BRDA:2478,657,0,0
BRDA:2479,658,0,0
BRDA:2489,659,0,0
BRDA:2498,660,0,0
BRDA:2513,661,0,0
BRDA:2518,662,0,0
BRDA:2525,663,0,0
BRDA:2545,664,0,0
BRDA:2601,665,0,0
BRDA:2604,666,0,0
BRDA:2607,667,0,0
BRDA:2616,668,0,0
BRDA:2638,669,0,0
BRDA:2660,670,0,0
BRDA:2702,671,0,0
BRDA:2708,672,0,0
BRDA:2700,673,0,1
BRDA:2736,674,0,11
BRDA:2754,675,0,15
BRDA:2762,676,0,0
BRDA:2781,677,0,3
BRDA:2789,678,0,0
BRDA:2789,679,0,2
BRDA:2789,680,0,2
BRDA:2789,681,0,1
BRDA:2790,682,0,2
BRDA:2790,683,0,2
BRDA:2791,684,0,0
BRDA:2797,685,0,2
BRDA:2803,686,0,0
BRDA:2813,687,0,0
BRDA:2819,688,0,5
BRDA:2830,689,0,0
BRDA:2836,690,0,1
BRDA:2842,691,0,0
BRDA:2848,692,0,2
BRDA:2896,693,0,3
BRDA:2899,694,0,2
BRDA:2902,695,0,0
BRDA:2905,696,0,5
BRDA:2908,697,0,5
BRDA:2911,698,0,0
BRDA:2922,699,0,5
BRDA:2933,700,0,0
BRDA:2945,701,0,1
BRDA:2956,702,0,2
BRDA:2966,703,0,0
BRDA:3016,704,0,2
BRDA:3018,705,0,0
BRDA:3022,706,0,0
BRDA:3014,707,0,15
BRDA:3017,708,0,2
BRF:709
BRH:505
end_of_record
TN:
SF:src/lib/generators/scanner.ts
FN:34,stripModuleCodeExtension
FN:43,isModulePageFile
FN:47,isModuleRouteFile
FN:51,resolveCodeFileCandidates
FN:66,walkDir
FN:86,resolveStandaloneSourceMirrorBase
FN:96,isDynamic
FN:98,staticBeforeDynamicSort
FN:105,isDynamicRoute
FN:109,apiRouteSort
FN:116,isTestFile
FN:117,isScriptFile
FN:118,isComponentFile
FN:119,isMetadataCompanionFile
FN:123,isPageCandidateFile
FN:126,isWidgetFile
FN:147,include
FN:148,skipDirs
FN:161,sort
FN:166,sort
FN:170,scanModuleDir
FN:196,resolveModuleFile
FN:233,resolveFirstModuleFile
FNF:23
FNH:19
FNDA:1664,stripModuleCodeExtension
FNDA:48,isModulePageFile
FNDA:14,isModuleRouteFile
FNDA:1368,resolveCodeFileCandidates
FNDA:101,walkDir
FNDA:1763,resolveStandaloneSourceMirrorBase
FNDA:4,isDynamic
FNDA:2,staticBeforeDynamicSort
FNDA:0,isDynamicRoute
FNDA:0,apiRouteSort
FNDA:29,isTestFile
FNDA:29,isScriptFile
FNDA:8,isComponentFile
FNDA:21,isMetadataCompanionFile
FNDA:21,isPageCandidateFile
FNDA:13,isWidgetFile
FNDA:5,include
FNDA:8,skipDirs
FNDA:0,sort
FNDA:0,sort
FNDA:349,scanModuleDir
FNDA:1362,resolveModuleFile
FNDA:36,resolveFirstModuleFile
DA:1,1
DA:2,1
DA:3,1
DA:4,1
DA:5,1
DA:6,1
DA:7,1
DA:8,1
DA:9,1
DA:10,1
DA:11,1
DA:12,1
DA:13,1
DA:14,1
DA:15,1
DA:16,1
DA:17,1
DA:18,1
DA:19,1
DA:20,1
DA:21,1
DA:22,1
DA:23,1
DA:24,1
DA:25,1
DA:26,1
DA:27,1
DA:28,1
DA:29,1
DA:30,1
DA:31,1
DA:32,1
DA:33,1
DA:34,1664
DA:35,1664
DA:36,1969
DA:37,1647
DA:38,1647
DA:39,1969
DA:40,17
DA:41,17
DA:42,1
DA:43,48
DA:44,48
DA:45,48
DA:46,1
DA:47,14
DA:48,14
DA:49,14
DA:50,1
DA:51,1368
DA:52,1368
DA:53,1368
DA:54,1368
DA:55,1362
DA:56,5448
DA:57,5448
DA:58,1368
DA:59,6
DA:60,24
DA:61,24
DA:62,6
DA:63,1368
DA:64,1368
DA:65,1
DA:66,101
DA:67,101
DA:68,101
DA:69,101
DA:70,101
DA:71,101
DA:72,101
DA:73,101
DA:74,101
DA:75,111
DA:76,34
DA:77,34
DA:78,31
DA:79,111
DA:80,62
DA:81,62
DA:82,111
DA:83,101
DA:84,101
DA:85,1
DA:86,1763
DA:87,1763
DA:88,1763
DA:89,1763
DA:90,370
DA:91,370
DA:92,370
DA:93,1763
DA:94,1763
DA:95,1
DA:96,1
DA:97,1
DA:98,2
DA:99,2
DA:100,2
DA:101,2
DA:102,2
DA:103,2
DA:104,1
DA:105,0
DA:106,0
DA:107,0
DA:108,1
DA:109,0
DA:110,0
DA:111,0
DA:112,0
DA:113,0
DA:114,0
DA:115,1
DA:116,1
DA:117,1
DA:118,1
DA:119,1
DA:120,21
DA:121,21
DA:122,21
DA:123,1
DA:124,21
DA:125,21
DA:126,1
DA:127,1
DA:128,1
DA:129,1
DA:130,1
DA:131,1
DA:132,1
DA:133,1
DA:134,1
DA:135,1
DA:136,1
DA:137,1
DA:138,1
DA:139,1
DA:140,1
DA:141,1
DA:142,1
DA:143,1
DA:144,1
DA:145,1
DA:146,1
DA:147,1
DA:148,1
DA:149,1
DA:150,1
DA:151,1
DA:152,1
DA:153,1
DA:154,1
DA:155,1
DA:156,1
DA:157,1
DA:158,1
DA:159,1
DA:160,1
DA:161,1
DA:162,1
DA:163,1
DA:164,1
DA:165,1
DA:166,1
DA:167,1
DA:168,1
DA:169,1
DA:170,349
DA:171,349
DA:172,349
DA:173,349
DA:174,349
DA:175,349
DA:176,67
DA:177,349
DA:178,349
DA:179,349
DA:180,349
DA:181,349
DA:182,50
DA:183,50
DA:184,349
DA:185,12
DA:186,12
DA:187,67
DA:188,67
DA:189,349
DA:190,35
DA:191,35
DA:192,67
DA:193,67
DA:194,67
DA:195,1
DA:196,1362
DA:197,1362
DA:198,1362
DA:199,1362
DA:200,1362
DA:201,1362
DA:202,1362
DA:203,1362
DA:204,5430
DA:205,1362
DA:206,1362
DA:207,5237
DA:208,1362
DA:209,1362
DA:210,78
DA:211,78
DA:212,1362
DA:213,1362
DA:214,1362
DA:215,1362
DA:216,6
DA:217,6
DA:218,24
DA:219,6
DA:220,6
DA:221,0
DA:222,0
DA:223,6
DA:224,6
DA:225,78
DA:226,1362
DA:227,1362
DA:228,1362
DA:229,1362
DA:230,1362
DA:231,1362
DA:232,1
DA:233,36
DA:234,36
DA:235,36
DA:236,36
DA:237,36
DA:238,36
DA:239,72
DA:240,72
DA:241,72
DA:242,36
DA:243,36
LF:243
LH:232
BRDA:34,0,0,1664
BRDA:35,1,0,1969
BRDA:36,2,0,1647
BRDA:40,3,0,17
BRDA:43,4,0,48
BRDA:47,5,0,14
BRDA:51,6,0,1368
BRDA:54,7,0,1362
BRDA:55,8,0,5448
BRDA:58,9,0,6
BRDA:59,10,0,24
BRDA:66,11,0,101
BRDA:73,12,0,0
BRDA:74,13,0,111
BRDA:75,14,0,34
BRDA:76,15,0,0
BRDA:77,16,0,8
BRDA:77,17,0,3
BRDA:78,18,0,31
BRDA:79,19,0,77
BRDA:79,20,0,62
BRDA:86,21,0,1763
BRDA:89,22,0,1393
BRDA:90,23,0,370
BRDA:93,24,0,126
BRDA:93,25,0,244
BRDA:96,26,0,4
BRDA:98,27,0,2
BRDA:99,28,0,0
BRDA:100,29,0,0
BRDA:101,30,0,0
BRDA:116,31,0,29
BRDA:117,32,0,29
BRDA:117,33,0,35
BRDA:118,34,0,8
BRDA:118,35,0,22
BRDA:119,36,0,21
BRDA:123,37,0,21
BRDA:125,38,0,18
BRDA:125,39,0,8
BRDA:125,40,0,5
BRDA:126,41,0,13
BRDA:147,42,0,5
BRDA:148,43,0,8
BRDA:170,44,0,349
BRDA:171,45,0,314
BRDA:171,46,0,35
BRDA:173,47,0,25
BRDA:173,48,0,25
BRDA:173,49,0,324
BRDA:175,50,0,335
BRDA:175,51,0,282
BRDA:176,52,0,67
BRDA:177,53,0,56
BRDA:177,54,0,11
BRDA:178,55,0,14
BRDA:178,56,0,53
BRDA:181,57,0,50
BRDA:184,58,0,67
BRDA:184,59,0,12
BRDA:187,60,0,67
BRDA:189,61,0,35
BRDA:192,62,0,67
BRDA:190,63,0,2
BRDA:196,64,0,1362
BRDA:202,65,0,96
BRDA:202,66,0,96
BRDA:202,67,0,1266
BRDA:209,68,0,1356
BRDA:209,69,0,1284
BRDA:210,70,0,78
BRDA:212,71,0,6
BRDA:212,72,0,72
BRDA:215,73,0,72
BRDA:215,74,0,6
BRDA:220,75,0,0
BRDA:225,76,0,78
BRDA:226,77,0,6
BRDA:226,78,0,72
BRDA:229,79,0,6
BRDA:229,80,0,72
BRDA:203,81,0,5430
BRDA:206,82,0,5237
BRDA:217,83,0,24
BRDA:233,84,0,36
BRDA:238,85,0,72
BRDA:240,86,0,0
BRF:87
BRH:80
end_of_record
TN:
SF:src/lib/generators/ast/imports.ts
FN:11,toImportSpec
FN:56,addImportSpec
FN:63,addImportSpecs
FN:69,addImportStatement
FN:75,addImportStatements
FNF:5
FNH:5
FNDA:16,toImportSpec
FNDA:979,addImportSpec
FNDA:782,addImportSpecs
FNDA:16,addImportStatement
FNDA:13,addImportStatements
DA:1,1
DA:2,1
DA:3,1
DA:4,1
DA:5,1
DA:6,1
DA:7,1
DA:8,1
DA:9,1
DA:10,1
DA:11,16
DA:12,16
DA:13,16
DA:14,16
DA:15,16
DA:16,0
DA:17,0
DA:18,16
DA:19,16
DA:20,16
DA:21,0
DA:22,0
DA:23,16
DA:24,16
DA:25,16
DA:26,16
DA:27,16
DA:28,16
DA:29,16
DA:30,16
DA:31,0
DA:32,0
DA:33,16
DA:34,16
DA:35,16
DA:36,16
DA:37,2
DA:38,2
DA:39,16
DA:40,16
DA:41,14
DA:42,14
DA:43,16
DA:44,16
DA:45,0
DA:46,0
DA:47,0
DA:48,0
DA:49,0
DA:50,0
DA:51,0
DA:52,16
DA:53,16
DA:54,16
DA:55,1
DA:56,979
DA:57,979
DA:58,979
DA:59,979
DA:60,979
DA:61,979
DA:62,1
DA:63,782
DA:64,782
DA:65,856
DA:66,856
DA:67,782
DA:68,1
DA:69,16
DA:70,16
DA:71,16
DA:72,16
DA:73,16
DA:74,1
DA:75,13
DA:76,13
DA:77,16
DA:78,16
DA:79,13
LF:79
LH:66
BRDA:11,0,0,16
BRDA:15,1,0,0
BRDA:20,2,0,0
BRDA:30,3,0,0
BRDA:36,4,0,2
BRDA:40,5,0,14
BRDA:40,6,0,14
BRDA:44,7,0,14
BRDA:44,8,0,0
BRDA:56,9,0,979
BRDA:63,10,0,782
BRDA:64,11,0,856
BRDA:69,12,0,16
BRDA:71,13,0,0
BRDA:75,14,0,13
BRDA:76,15,0,16
BRF:16
BRH:11
end_of_record
TN:
SF:src/lib/generators/ast/index.ts
FN:1,get
FN:1,get
FN:1,get
FN:1,get
FN:2,get
FN:2,get
FN:2,get
FN:4,get
FN:5,get
FN:6,get
FN:7,get
FN:8,get
FN:9,get
FN:10,get
FN:11,get
FN:12,get
FN:13,get
FN:14,get
FN:15,get
FN:16,get
FN:17,get
FN:18,get
FN:19,get
FN:20,get
FN:21,get
FN:22,get
FN:23,get
FN:24,get
FN:25,get
FN:26,get
FN:27,get
FN:28,get
FN:29,get
FN:30,get
FN:31,get
FN:32,get
FN:33,get
FN:34,get
FN:35,get
FN:36,get
FN:37,get
FN:38,get
FN:39,get
FN:40,get
FN:41,get
FN:42,get
FN:43,get
FNF:47
FNH:36
FNDA:107,get
FNDA:782,get
FNDA:0,get
FNDA:13,get
FNDA:842,get
FNDA:842,get
FNDA:842,get
FNDA:1152,get
FNDA:34,get
FNDA:131,get
FNDA:0,get
FNDA:1327,get
FNDA:322,get
FNDA:0,get
FNDA:421,get
FNDA:0,get
FNDA:50,get
FNDA:68,get
FNDA:118,get
FNDA:5006,get
FNDA:16,get
FNDA:21,get
FNDA:84,get
FNDA:136,get
FNDA:13,get
FNDA:1358,get
FNDA:68,get
FNDA:306,get
FNDA:150,get
FNDA:34,get
FNDA:204,get
FNDA:34,get
FNDA:58,get
FNDA:1908,get
FNDA:102,get
FNDA:42,get
FNDA:0,get
FNDA:440,get
FNDA:0,get
FNDA:68,get
FNDA:50,get
FNDA:0,get
FNDA:0,get
FNDA:0,get
FNDA:0,get
FNDA:0,get
FNDA:1152,get
DA:1,1
DA:2,1
DA:3,1
DA:4,1
DA:5,1
DA:6,1
DA:7,1
DA:8,1
DA:9,1
DA:10,1
DA:11,1
DA:12,1
DA:13,1
DA:14,1
DA:15,1
DA:16,1
DA:17,1
DA:18,1
DA:19,1
DA:20,1
DA:21,1
DA:22,1
DA:23,1
DA:24,1
DA:25,1
DA:26,1
DA:27,1
DA:28,1
DA:29,1
DA:30,1
DA:31,1
DA:32,1
DA:33,1
DA:34,1
DA:35,1
DA:36,1
DA:37,1
DA:38,1
DA:39,1
DA:40,1
DA:41,1
DA:42,1
DA:43,1
DA:44,1
DA:45,1
DA:46,1
DA:47,1
DA:48,1
DA:49,1
LF:49
LH:49
BRDA:1,0,0,107
BRDA:1,1,0,782
BRDA:1,2,0,13
BRDA:2,3,0,842
BRDA:2,4,0,842
BRDA:2,5,0,842
BRDA:4,6,0,1152
BRDA:5,7,0,34
BRDA:6,8,0,131
BRDA:8,9,0,1327
BRDA:9,10,0,322
BRDA:11,11,0,421
BRDA:13,12,0,50
BRDA:14,13,0,68
BRDA:15,14,0,118
BRDA:16,15,0,5006
BRDA:17,16,0,16
BRDA:18,17,0,21
BRDA:19,18,0,84
BRDA:20,19,0,136
BRDA:21,20,0,13
BRDA:22,21,0,1358
BRDA:23,22,0,68
BRDA:24,23,0,306
BRDA:25,24,0,150
BRDA:26,25,0,34
BRDA:27,26,0,204
BRDA:28,27,0,34
BRDA:29,28,0,58
BRDA:30,29,0,1908
BRDA:31,30,0,102
BRDA:32,31,0,42
BRDA:34,32,0,440
BRDA:36,33,0,68
BRDA:37,34,0,50
BRDA:43,35,0,1152
BRF:36
BRH:36
end_of_record
TN:
SF:src/lib/generators/ast/source-file.ts
FN:5,getProject
FN:19,createGeneratedSourceFile
FN:29,addAutoGeneratedComment
FN:33,getSourceText
FNF:4
FNH:4
FNDA:842,getProject
FNDA:842,createGeneratedSourceFile
FNDA:842,addAutoGeneratedComment
FNDA:842,getSourceText
DA:1,1
DA:2,1
DA:3,1
DA:4,1
DA:5,842
DA:6,842
DA:7,1
DA:8,1
DA:9,1
DA:10,1
DA:11,1
DA:12,1
DA:13,1
DA:14,1
DA:15,842
DA:16,842
DA:17,842
DA:18,1
DA:19,842
DA:20,842
DA:21,842
DA:22,842
DA:23,814
DA:24,814
DA:25,842
DA:26,842
DA:27,842
DA:28,1
DA:29,842
DA:30,842
DA:31,842
DA:32,1
DA:33,842
DA:34,842
DA:35,842
DA:36,842
DA:37,842
DA:38,842
DA:39,774
DA:40,774
DA:41,842
DA:42,842
DA:43,842
LF:43
LH:43
BRDA:5,0,0,842
BRDA:6,1,0,1
BRDA:19,2,0,842
BRDA:22,3,0,814
BRDA:29,4,0,842
BRDA:33,5,0,842
BRDA:38,6,0,774
BRDA:42,7,0,0
BRF:8
BRH:7
end_of_record
TN:
SF:src/lib/generators/ast/writers.ts
FN:25,writeLiteral
FN:44,writeValue
FN:53,writeCommaSeparated
FN:66,writeArrayLiteral
FN:90,arrayLiteral
FN:99,writeObjectLiteral
FN:130,objectLiteral
FN:136,parenthesized
FN:144,callExpression
FN:153,importExpression
FN:161,awaitExpression
FN:168,identifier
FN:174,propertyAccess
FN:182,prefixExpression
FN:189,optionalPropertyAccess
FN:197,elementAccess
FN:206,spreadExpression
FN:213,asExpression
FN:223,nonNullAssertion
FN:230,binaryExpression
FN:238,conditionalExpression
FN:252,logicalAnd
FN:263,logicalOr
FN:274,nullishCoalesce
FN:285,methodCall
FN:289,newExpression
FN:299,invokeImmediately
FN:303,templateLiteral
FN:320,writeStatements
FN:329,returnStatement
FN:340,variableStatement
FN:360,assignmentStatement
FN:369,ifStatement
FN:392,forOfStatement
FN:412,objectKeys
FN:416,objectEntries
FN:420,objectFromEntries
FN:424,arrowFunction
FN:440,block
FN:448,expressionStatement
FNF:40
FNH:35
FNDA:352,writeLiteral
FNDA:11519,writeValue
FNDA:3530,writeCommaSeparated
FNDA:1136,writeArrayLiteral
FNDA:1152,arrayLiteral
FNDA:150,writeObjectLiteral
FNDA:150,objectLiteral
FNDA:142,parenthesized
FNDA:2135,callExpression
FNDA:21,importExpression
FNDA:0,awaitExpression
FNDA:5278,identifier
FNDA:3538,propertyAccess
FNDA:0,prefixExpression
FNDA:102,optionalPropertyAccess
FNDA:50,elementAccess
FNDA:0,spreadExpression
FNDA:131,asExpression
FNDA:306,nonNullAssertion
FNDA:322,binaryExpression
FNDA:0,conditionalExpression
FNDA:136,logicalAnd
FNDA:13,logicalOr
FNDA:42,nullishCoalesce
FNDA:1630,methodCall
FNDA:68,newExpression
FNDA:84,invokeImmediately
FNDA:68,templateLiteral
FNDA:134,writeStatements
FNDA:440,returnStatement
FNDA:50,variableStatement
FNDA:34,assignmentStatement
FNDA:16,ifStatement
FNDA:118,forOfStatement
FNDA:34,objectKeys
FNDA:34,objectEntries
FNDA:204,objectFromEntries
FNDA:1327,arrowFunction
FNDA:0,block
FNDA:68,expressionStatement
DA:1,1
DA:2,1
DA:3,1
DA:4,1
DA:5,1
DA:6,1
DA:7,1
DA:8,1
DA:9,1
DA:10,1
DA:11,1
DA:12,1
DA:13,1
DA:14,1
DA:15,1
DA:16,1
DA:17,1
DA:18,1
DA:19,1
DA:20,1
DA:21,1
DA:22,1
DA:23,1
DA:24,1
DA:25,352
DA:26,352
DA:27,17
DA:28,17
DA:29,17
DA:30,335
DA:31,352
DA:32,118
DA:33,118
DA:34,118
DA:35,217
DA:36,352
DA:37,141
DA:38,141
DA:39,141
DA:40,76
DA:41,76
DA:42,76
DA:43,1
DA:44,11519
DA:45,11519
DA:46,11167
DA:47,11167
DA:48,11167
DA:49,352
DA:50,352
DA:51,352
DA:52,1
DA:53,3530
DA:54,3530
DA:55,3530
DA:56,3530
DA:57,3530
DA:58,3530
DA:59,3320
DA:60,13
DA:61,13
DA:62,3320
DA:63,3530
DA:64,3530
DA:65,1
DA:66,1136
DA:67,1136
DA:68,1136
DA:69,1136
DA:70,1136
DA:71,1136
DA:72,845
DA:73,845
DA:74,845
DA:75,291
DA:76,291
DA:77,291
DA:78,291
DA:79,291
DA:80,554
DA:81,554
DA:82,263
DA:83,263
DA:84,554
DA:85,291
DA:86,291
DA:87,291
DA:88,291
DA:89,1
DA:90,1152
DA:91,1152
DA:92,1152
DA:93,1152
DA:94,1152
DA:95,1136
DA:96,1136
DA:97,1152
DA:98,1
DA:99,150
DA:100,150
DA:101,150
DA:102,150
DA:103,150
DA:104,49
DA:105,49
DA:106,49
DA:107,101
DA:108,101
DA:109,101
DA:110,101
DA:111,101
DA:112,402
DA:113,13
DA:114,13
DA:115,402
DA:116,389
DA:117,389
DA:118,389
DA:119,389
DA:120,402
DA:121,402
DA:122,301
DA:123,301
DA:124,402
DA:125,101
DA:126,101
DA:127,101
DA:128,101
DA:129,1
DA:130,150
DA:131,150
DA:132,150
DA:133,150
DA:134,150
DA:135,1
DA:136,142
DA:137,142
DA:138,142
DA:139,142
DA:140,142
DA:141,142
DA:142,142
DA:143,1
DA:144,2135
DA:145,2135
DA:146,2135
DA:147,2135
DA:148,2135
DA:149,2135
DA:150,2135
DA:151,2135
DA:152,1
DA:153,21
DA:154,21
DA:155,21
DA:156,21
DA:157,21
DA:158,21
DA:159,21
DA:160,1
DA:161,0
DA:162,0
DA:163,0
DA:164,0
DA:165,0
DA:166,0
DA:167,1
DA:168,5278
DA:169,5278
DA:170,5278
DA:171,5278
DA:172,5278
DA:173,1
DA:174,3538
DA:175,3538
DA:176,3538
DA:177,3538
DA:178,3538
DA:179,3538
DA:180,3538
DA:181,1
DA:182,0
DA:183,0
DA:184,0
DA:185,0
DA:186,0
DA:187,0
DA:188,1
DA:189,102
DA:190,102
DA:191,102
DA:192,102
DA:193,102
DA:194,102
DA:195,102
DA:196,1
DA:197,50
DA:198,50
DA:199,50
DA:200,50
DA:201,50
DA:202,50
DA:203,50
DA:204,50
DA:205,1
DA:206,0
DA:207,0
DA:208,0
DA:209,0
DA:210,0
DA:211,0
DA:212,1
DA:213,131
DA:214,131
DA:215,131
DA:216,131
DA:217,131
DA:218,131
DA:219,131
DA:220,131
DA:221,131
DA:222,1
DA:223,306
DA:224,306
DA:225,306
DA:226,306
DA:227,306
DA:228,306
DA:229,1
DA:230,322
DA:231,322
DA:232,322
DA:233,322
DA:234,322
DA:235,322
DA:236,322
DA:237,1
DA:238,0
DA:239,0
DA:240,0
DA:241,0
DA:242,0
DA:243,0
DA:244,0
DA:245,0
DA:246,0
DA:247,0
DA:248,0
DA:249,0
DA:250,0
DA:251,1
DA:252,136
DA:253,136
DA:254,136
DA:255,272
DA:256,136
DA:257,136
DA:258,272
DA:259,136
DA:260,136
DA:261,136
DA:262,1
DA:263,13
DA:264,13
DA:265,13
DA:266,26
DA:267,13
DA:268,13
DA:269,26
DA:270,13
DA:271,13
DA:272,13
DA:273,1
DA:274,42
DA:275,42
DA:276,42
DA:277,84
DA:278,42
DA:279,42
DA:280,84
DA:281,42
DA:282,42
DA:283,42
DA:284,1
DA:285,1630
DA:286,1630
DA:287,1630
DA:288,1
DA:289,68
DA:290,68
DA:291,68
DA:292,68
DA:293,68
DA:294,68
DA:295,68
DA:296,68
DA:297,68
DA:298,1
DA:299,84
DA:300,84
DA:301,84
DA:302,1
DA:303,68
DA:304,68
DA:305,68
DA:306,68
DA:307,204
DA:308,68
DA:309,68
DA:310,68
DA:311,136
DA:312,136
DA:313,136
DA:314,136
DA:315,68
DA:316,68
DA:317,68
DA:318,68
DA:319,1
DA:320,134
DA:321,134
DA:322,150
DA:323,150
DA:324,16
DA:325,16
DA:326,134
DA:327,134
DA:328,1
DA:329,440
DA:330,440
DA:331,440
DA:332,440
DA:333,440
DA:334,440
DA:335,440
DA:336,440
DA:337,440
DA:338,440
DA:339,1
DA:340,50
DA:341,50
DA:342,50
DA:343,50
DA:344,50
DA:345,50
DA:346,50
DA:347,50
DA:348,50
DA:349,50
DA:350,50
DA:351,34
DA:352,34
DA:353,34
DA:354,50
DA:355,50
DA:356,50
DA:357,50
DA:358,50
DA:359,1
DA:360,34
DA:361,34
DA:362,34
DA:363,34
DA:364,34
DA:365,34
DA:366,34
DA:367,34
DA:368,1
DA:369,16
DA:370,16
DA:371,16
DA:372,16
DA:373,16
DA:374,16
DA:375,16
DA:376,16
DA:377,16
DA:378,16
DA:379,16
DA:380,16
DA:381,16
DA:382,16
DA:383,16
DA:384,0
DA:385,0
DA:386,0
DA:387,0
DA:388,0
DA:389,16
DA:390,16
DA:391,1
DA:392,118
DA:393,118
DA:394,118
DA:395,118
DA:396,118
DA:397,118
DA:398,118
DA:399,118
DA:400,118
DA:401,118
DA:402,118
DA:403,118
DA:404,118
DA:405,118
DA:406,118
DA:407,118
DA:408,118
DA:409,118
DA:410,118
DA:411,1
DA:412,34
DA:413,34
DA:414,34
DA:415,1
DA:416,34
DA:417,34
DA:418,34
DA:419,1
DA:420,204
DA:421,204
DA:422,204
DA:423,1
DA:424,1327
DA:425,1327
DA:426,1327
DA:427,1327
DA:428,1327
DA:429,1327
DA:430,1327
DA:431,0
DA:432,0
DA:433,1327
DA:434,1327
DA:435,1327
DA:436,1327
DA:437,1327
DA:438,1327
DA:439,1
DA:440,0
DA:441,0
DA:442,0
DA:443,0
DA:444,0
DA:445,0
DA:446,0
DA:447,1
DA:448,68
DA:449,68
DA:450,68
DA:451,68
DA:452,68
DA:453,68
LF:453
LH:408
BRDA:25,0,0,352
BRDA:26,1,0,17
BRDA:30,2,0,335
BRDA:31,3,0,118
BRDA:35,4,0,217
BRDA:36,5,0,141
BRDA:40,6,0,76
BRDA:44,7,0,11519
BRDA:45,8,0,11167
BRDA:49,9,0,352
BRDA:53,10,0,3530
BRDA:58,11,0,3320
BRDA:59,12,0,13
BRDA:66,13,0,1136
BRDA:71,14,0,845
BRDA:75,15,0,291
BRDA:78,16,0,291
BRDA:79,17,0,554
BRDA:81,18,0,263
BRDA:90,19,0,1152
BRDA:94,20,0,1136
BRDA:99,21,0,150
BRDA:103,22,0,49
BRDA:107,23,0,101
BRDA:110,24,0,101
BRDA:111,25,0,402
BRDA:112,26,0,13
BRDA:115,27,0,389
BRDA:121,28,0,301
BRDA:130,29,0,150
BRDA:131,30,0,150
BRDA:136,31,0,142
BRDA:137,32,0,142
BRDA:144,33,0,2135
BRDA:145,34,0,2135
BRDA:153,35,0,21
BRDA:154,36,0,21
BRDA:168,37,0,5278
BRDA:169,38,0,5278
BRDA:174,39,0,3538
BRDA:175,40,0,3538
BRDA:189,41,0,102
BRDA:190,42,0,102
BRDA:197,43,0,50
BRDA:198,44,0,50
BRDA:213,45,0,131
BRDA:214,46,0,131
BRDA:223,47,0,306
BRDA:224,48,0,306
BRDA:230,49,0,322
BRDA:231,50,0,322
BRDA:252,51,0,136
BRDA:253,52,0,136
BRDA:254,53,0,272
BRDA:255,54,0,136
BRDA:263,55,0,13
BRDA:264,56,0,13
BRDA:265,57,0,26
BRDA:266,58,0,13
BRDA:274,59,0,42
BRDA:275,60,0,42
BRDA:276,61,0,84
BRDA:277,62,0,42
BRDA:285,63,0,1630
BRDA:289,64,0,68
BRDA:290,65,0,68
BRDA:299,66,0,84
BRDA:303,67,0,68
BRDA:304,68,0,68
BRDA:306,69,0,204
BRDA:307,70,0,68
BRDA:311,71,0,136
BRDA:320,72,0,134
BRDA:321,73,0,150
BRDA:323,74,0,16
BRDA:329,75,0,440
BRDA:330,76,0,440
BRDA:340,77,0,50
BRDA:346,78,0,50
BRDA:347,79,0,0
BRDA:350,80,0,34
BRDA:360,81,0,34
BRDA:361,82,0,34
BRDA:369,83,0,16
BRDA:374,84,0,16
BRDA:383,85,0,0
BRDA:383,86,0,0
BRDA:379,87,0,16
BRDA:392,88,0,118
BRDA:398,89,0,118
BRDA:400,90,0,0
BRDA:406,91,0,118
BRDA:412,92,0,34
BRDA:416,93,0,34
BRDA:420,94,0,204
BRDA:424,95,0,1327
BRDA:429,96,0,1327
BRDA:430,97,0,0
BRDA:434,98,0,1222
BRDA:434,99,0,105
BRDA:434,100,0,1222
BRDA:448,101,0,68
BRDA:449,102,0,68
BRF:103
BRH:98
end_of_record
TN:
SF:src/lib/generators/extensions/ai-tools.ts
FN:20,createAiToolsExtension
FN:27,scanModule
FN:37,writeConfig
FN:51,generateOutput
FN:55,build
FNF:5
FNH:4
FNDA:35,createAiToolsExtension
FNDA:36,scanModule
FNDA:0,writeConfig
FNDA:34,generateOutput
FNDA:34,build
DA:1,1
DA:2,1
DA:3,1
DA:4,1
DA:5,1
DA:6,1
DA:7,1
DA:8,1
DA:9,1
DA:10,1
DA:11,1
DA:12,1
DA:13,1
DA:14,1
DA:15,1
DA:16,1
DA:17,1
DA:18,1
DA:19,1
DA:20,35
DA:21,35
DA:22,35
DA:23,35
DA:24,35
DA:25,35
DA:26,35
DA:27,35
DA:28,36
DA:29,36
DA:30,36
DA:31,36
DA:32,36
DA:33,36
DA:34,36
DA:35,36
DA:36,36
DA:37,36
DA:38,0
DA:39,0
DA:40,0
DA:41,0
DA:42,0
DA:43,0
DA:44,0
DA:45,0
DA:46,0
DA:47,0
DA:48,36
DA:49,36
DA:50,35
DA:51,35
DA:52,34
DA:53,34
DA:54,34
DA:55,34
DA:56,34
DA:57,34
DA:58,34
DA:59,34
DA:60,34
DA:61,34
DA:62,34
DA:63,34
DA:64,34
DA:65,34
DA:66,34
DA:67,34
DA:68,34
DA:69,34
DA:70,34
DA:71,34
DA:72,34
DA:73,34
DA:74,34
DA:75,34
DA:76,34
DA:77,34
DA:78,34
DA:79,34
DA:80,34
DA:81,34
DA:82,34
DA:83,34
DA:84,34
DA:85,34
DA:86,34
DA:87,34
DA:88,34
DA:89,34
DA:90,34
DA:91,34
DA:92,34
DA:93,34
DA:94,34
DA:95,34
DA:96,34
DA:97,34
DA:98,34
DA:99,34
DA:100,34
DA:101,34
DA:102,34
DA:103,34
DA:104,34
DA:105,35
DA:106,35
DA:107,35
LF:107
LH:97
BRDA:20,0,0,35
BRDA:27,1,0,36
BRDA:51,2,0,34
BRDA:55,3,0,34
BRF:4
BRH:4
end_of_record
TN:
SF:src/lib/generators/extensions/analytics.ts
FN:20,createAnalyticsExtension
FN:27,scanModule
FN:38,writeConfig
FN:52,getModuleDeclContribution
FN:55,generateOutput
FN:62,build
FNF:6
FNH:4
FNDA:35,createAnalyticsExtension
FNDA:36,scanModule
FNDA:0,writeConfig
FNDA:0,getModuleDeclContribution
FNDA:34,generateOutput
FNDA:34,build
DA:1,1
DA:2,1
DA:3,1
DA:4,1
DA:5,1
DA:6,1
DA:7,1
DA:8,1
DA:9,1
DA:10,1
DA:11,1
DA:12,1
DA:13,1
DA:14,1
DA:15,1
DA:16,1
DA:17,1
DA:18,1
DA:19,1
DA:20,35
DA:21,35
DA:22,35
DA:23,35
DA:24,35
DA:25,35
DA:26,35
DA:27,35
DA:28,36
DA:29,36
DA:30,36
DA:31,36
DA:32,36
DA:33,36
DA:34,36
DA:35,36
DA:36,36
DA:37,36
DA:38,36
DA:39,0
DA:40,0
DA:41,0
DA:42,0
DA:43,0
DA:44,0
DA:45,0
DA:46,0
DA:47,0
DA:48,0
DA:49,36
DA:50,36
DA:51,35
DA:52,35
DA:53,0
DA:54,35
DA:55,35
DA:56,34
DA:57,34
DA:58,34
DA:59,34
DA:60,34
DA:61,34
DA:62,34
DA:63,34
DA:64,34
DA:65,34
DA:66,34
DA:67,34
DA:68,34
DA:69,34
DA:70,34
DA:71,34
DA:72,34
DA:73,34
DA:74,34
DA:75,34
DA:76,34
DA:77,34
DA:78,34
DA:79,34
DA:80,34
DA:81,34
DA:82,34
DA:83,34
DA:84,34
DA:85,34
DA:86,34
DA:87,34
DA:88,34
DA:89,34
DA:90,34
DA:91,34
DA:92,34
DA:93,34
DA:94,34
DA:95,34
DA:96,34
DA:97,34
DA:98,34
DA:99,34
DA:100,34
DA:101,34
DA:102,34
DA:103,34
DA:104,34
DA:105,34
DA:106,34
DA:107,34
DA:108,34
DA:109,34
DA:110,34
DA:111,34
DA:112,34
DA:113,34
DA:114,34
DA:115,34
DA:116,34
DA:117,34
DA:118,34
DA:119,34
DA:120,34
DA:121,34
DA:122,34
DA:123,35
DA:124,35
DA:125,35
LF:125
LH:114
BRDA:20,0,0,35
BRDA:27,1,0,36
BRDA:55,2,0,34
BRDA:62,3,0,34
BRF:4
BRH:4
end_of_record
TN:
SF:src/lib/generators/extensions/command-interceptors.ts
FN:6,createCommandInterceptorsExtension
FN:13,scanModule
FN:23,writeConfig
FN:37,generateOutput
FN:44,build
FNF:5
FNH:4
FNDA:35,createCommandInterceptorsExtension
FNDA:36,scanModule
FNDA:0,writeConfig
FNDA:34,generateOutput
FNDA:34,build
DA:1,1
DA:2,1
DA:3,1
DA:4,1
DA:5,1
DA:6,35
DA:7,35
DA:8,35
DA:9,35
DA:10,35
DA:11,35
DA:12,35
DA:13,35
DA:14,36
DA:15,36
DA:16,36
DA:17,36
DA:18,36
DA:19,36
DA:20,36
DA:21,36
DA:22,36
DA:23,36
DA:24,0
DA:25,0
DA:26,0
DA:27,0
DA:28,0
DA:29,0
DA:30,0
DA:31,0
DA:32,0
DA:33,0
DA:34,36
DA:35,36
DA:36,35
DA:37,35
DA:38,34
DA:39,34
DA:40,34
DA:41,34
DA:42,34
DA:43,34
DA:44,34
DA:45,34
DA:46,34
DA:47,34
DA:48,34
DA:49,34
DA:50,34
DA:51,34
DA:52,34
DA:53,34
DA:54,34
DA:55,34
DA:56,34
DA:57,34
DA:58,34
DA:59,34
DA:60,34
DA:61,34
DA:62,34
DA:63,34
DA:64,35
DA:65,35
DA:66,35
LF:66
LH:56
BRDA:6,0,0,35
BRDA:13,1,0,36
BRDA:37,2,0,34
BRDA:44,3,0,34
BRF:4
BRH:4
end_of_record
TN:
SF:src/lib/generators/extensions/component-overrides.ts
FN:6,createComponentOverridesExtension
FN:13,scanModule
FN:23,writeConfig
FN:37,generateOutput
FN:44,build
FNF:5
FNH:4
FNDA:35,createComponentOverridesExtension
FNDA:36,scanModule
FNDA:0,writeConfig
FNDA:34,generateOutput
FNDA:34,build
DA:1,1
DA:2,1
DA:3,1
DA:4,1
DA:5,1
DA:6,35
DA:7,35
DA:8,35
DA:9,35
DA:10,35
DA:11,35
DA:12,35
DA:13,35
DA:14,36
DA:15,36
DA:16,36
DA:17,36
DA:18,36
DA:19,36
DA:20,36
DA:21,36
DA:22,36
DA:23,36
DA:24,0
DA:25,0
DA:26,0
DA:27,0
DA:28,0
DA:29,0
DA:30,0
DA:31,0
DA:32,0
DA:33,0
DA:34,36
DA:35,36
DA:36,35
DA:37,35
DA:38,34
DA:39,34
DA:40,34
DA:41,34
DA:42,34
DA:43,34
DA:44,34
DA:45,34
DA:46,34
DA:47,34
DA:48,34
DA:49,34
DA:50,34
DA:51,34
DA:52,34
DA:53,34
DA:54,34
DA:55,34
DA:56,34
DA:57,34
DA:58,34
DA:59,34
DA:60,34
DA:61,34
DA:62,34
DA:63,34
DA:64,35
DA:65,35
DA:66,35
LF:66
LH:56
BRDA:6,0,0,35
BRDA:13,1,0,36
BRDA:37,2,0,34
BRDA:44,3,0,34
BRF:4
BRH:4
end_of_record
TN:
SF:src/lib/generators/extensions/dashboard-widgets.ts
FN:14,createDashboardWidgetsExtension
FN:20,scanModule
FN:42,generateOutput
FN:72,build
FNF:4
FNH:4
FNDA:35,createDashboardWidgetsExtension
FNDA:36,scanModule
FNDA:34,generateOutput
FNDA:34,build
DA:1,1
DA:2,1
DA:3,1
DA:4,1
DA:5,1
DA:6,1
DA:7,1
DA:8,1
DA:9,1
DA:10,1
DA:11,1
DA:12,1
DA:13,1
DA:14,35
DA:15,35
DA:16,35
DA:17,35
DA:18,35
DA:19,35
DA:20,35
DA:21,36
DA:22,36
DA:23,5
DA:24,5
DA:25,5
DA:26,5
DA:27,5
DA:28,5
DA:29,5
DA:30,5
DA:31,5
DA:32,5
DA:33,5
DA:34,5
DA:35,5
DA:36,5
DA:37,5
DA:38,5
DA:39,5
DA:40,5
DA:41,35
DA:42,35
DA:43,34
DA:44,34
DA:45,34
DA:46,5
DA:47,5
DA:48,5
DA:49,5
DA:50,5
DA:51,5
DA:52,5
DA:53,5
DA:54,5
DA:55,5
DA:56,5
DA:57,5
DA:58,5
DA:59,5
DA:60,5
DA:61,5
DA:62,5
DA:63,5
DA:64,34
DA:65,34
DA:66,34
DA:67,34
DA:68,34
DA:69,34
DA:70,34
DA:71,34
DA:72,34
DA:73,34
DA:74,34
DA:75,34
DA:76,34
DA:77,34
DA:78,34
DA:79,34
DA:80,34
DA:81,34
DA:82,34
DA:83,34
DA:84,34
DA:85,34
DA:86,34
DA:87,34
DA:88,35
DA:89,35
DA:90,35
LF:90
LH:90
BRDA:14,0,0,35
BRDA:20,1,0,36
BRDA:22,2,0,5
BRDA:24,3,0,0
BRDA:27,4,0,3
BRDA:27,5,0,2
BRDA:33,6,0,3
BRDA:33,7,0,2
BRDA:37,8,0,0
BRDA:42,9,0,34
BRDA:45,10,0,5
BRDA:72,11,0,34
BRF:12
BRH:10
end_of_record
TN:
SF:src/lib/generators/extensions/enrichers.ts
FN:6,createEnrichersExtension
FN:13,scanModule
FN:23,writeConfig
FN:37,generateOutput
FN:44,build
FNF:5
FNH:4
FNDA:35,createEnrichersExtension
FNDA:36,scanModule
FNDA:0,writeConfig
FNDA:34,generateOutput
FNDA:34,build
DA:1,1
DA:2,1
DA:3,1
DA:4,1
DA:5,1
DA:6,35
DA:7,35
DA:8,35
DA:9,35
DA:10,35
DA:11,35
DA:12,35
DA:13,35
DA:14,36
DA:15,36
DA:16,36
DA:17,36
DA:18,36
DA:19,36
DA:20,36
DA:21,36
DA:22,36
DA:23,36
DA:24,0
DA:25,0
DA:26,0
DA:27,0
DA:28,0
DA:29,0
DA:30,0
DA:31,0
DA:32,0
DA:33,0
DA:34,36
DA:35,36
DA:36,35
DA:37,35
DA:38,34
DA:39,34
DA:40,34
DA:41,34
DA:42,34
DA:43,34
DA:44,34
DA:45,34
DA:46,34
DA:47,34
DA:48,34
DA:49,34
DA:50,34
DA:51,34
DA:52,34
DA:53,34
DA:54,34
DA:55,34
DA:56,34
DA:57,34
DA:58,34
DA:59,34
DA:60,34
DA:61,34
DA:62,34
DA:63,34
DA:64,35
DA:65,35
DA:66,35
LF:66
LH:56
BRDA:6,0,0,35
BRDA:13,1,0,36
BRDA:37,2,0,34
BRDA:44,3,0,34
BRF:4
BRH:4
end_of_record
TN:
SF:src/lib/generators/extensions/events.ts
FN:17,createEventsExtension
FN:24,scanModule
FN:35,writeConfig
FN:49,getModuleDeclContribution
FN:52,generateOutput
FN:65,build
FNF:6
FNH:4
FNDA:35,createEventsExtension
FNDA:36,scanModule
FNDA:0,writeConfig
FNDA:0,getModuleDeclContribution
FNDA:34,generateOutput
FNDA:34,build
DA:1,1
DA:2,1
DA:3,1
DA:4,1
DA:5,1
DA:6,1
DA:7,1
DA:8,1
DA:9,1
DA:10,1
DA:11,1
DA:12,1
DA:13,1
DA:14,1
DA:15,1
DA:16,1
DA:17,35
DA:18,35
DA:19,35
DA:20,35
DA:21,35
DA:22,35
DA:23,35
DA:24,35
DA:25,36
DA:26,36
DA:27,36
DA:28,36
DA:29,36
DA:30,36
DA:31,36
DA:32,36
DA:33,36
DA:34,36
DA:35,36
DA:36,0
DA:37,0
DA:38,0
DA:39,0
DA:40,0
DA:41,0
DA:42,0
DA:43,0
DA:44,0
DA:45,0
DA:46,36
DA:47,36
DA:48,35
DA:49,35
DA:50,0
DA:51,35
DA:52,35
DA:53,34
DA:54,34
DA:55,34
DA:56,34
DA:57,34
DA:58,34
DA:59,34
DA:60,34
DA:61,34
DA:62,34
DA:63,34
DA:64,34
DA:65,34
DA:66,34
DA:67,34
DA:68,34
DA:69,34
DA:70,34
DA:71,34
DA:72,34
DA:73,34
DA:74,34
DA:75,34
DA:76,34
DA:77,34
DA:78,34
DA:79,34
DA:80,34
DA:81,34
DA:82,34
DA:83,34
DA:84,34
DA:85,34
DA:86,34
DA:87,34
DA:88,34
DA:89,34
DA:90,34
DA:91,34
DA:92,34
DA:93,34
DA:94,34
DA:95,34
DA:96,34
DA:97,34
DA:98,34
DA:99,34
DA:100,34
DA:101,34
DA:102,34
DA:103,34
DA:104,34
DA:105,34
DA:106,34
DA:107,34
DA:108,34
DA:109,34
DA:110,34
DA:111,34
DA:112,34
DA:113,34
DA:114,34
DA:115,34
DA:116,34
DA:117,34
DA:118,34
DA:119,34
DA:120,34
DA:121,34
DA:122,34
DA:123,34
DA:124,34
DA:125,34
DA:126,34
DA:127,34
DA:128,34
DA:129,34
DA:130,34
DA:131,34
DA:132,34
DA:133,34
DA:134,34
DA:135,34
DA:136,34
DA:137,34
DA:138,34
DA:139,34
DA:140,34
DA:141,34
DA:142,34
DA:143,34
DA:144,34
DA:145,34
DA:146,34
DA:147,34
DA:148,34
DA:149,34
DA:150,34
DA:151,34
DA:152,34
DA:153,34
DA:154,34
DA:155,35
DA:156,35
DA:157,35
LF:157
LH:146
BRDA:17,0,0,35
BRDA:24,1,0,36
BRDA:52,2,0,34
BRDA:65,3,0,34
BRF:4
BRH:4
end_of_record
TN:
SF:src/lib/generators/extensions/guards.ts
FN:6,createGuardsExtension
FN:13,scanModule
FN:23,writeConfig
FN:37,generateOutput
FN:44,build
FNF:5
FNH:4
FNDA:35,createGuardsExtension
FNDA:36,scanModule
FNDA:0,writeConfig
FNDA:34,generateOutput
FNDA:34,build
DA:1,1
DA:2,1
DA:3,1
DA:4,1
DA:5,1
DA:6,35
DA:7,35
DA:8,35
DA:9,35
DA:10,35
DA:11,35
DA:12,35
DA:13,35
DA:14,36
DA:15,36
DA:16,36
DA:17,36
DA:18,36
DA:19,36
DA:20,36
DA:21,36
DA:22,36
DA:23,36
DA:24,0
DA:25,0
DA:26,0
DA:27,0
DA:28,0
DA:29,0
DA:30,0
DA:31,0
DA:32,0
DA:33,0
DA:34,36
DA:35,36
DA:36,35
DA:37,35
DA:38,34
DA:39,34
DA:40,34
DA:41,34
DA:42,34
DA:43,34
DA:44,34
DA:45,34
DA:46,34
DA:47,34
DA:48,34
DA:49,34
DA:50,34
DA:51,34
DA:52,34
DA:53,34
DA:54,34
DA:55,34
DA:56,34
DA:57,34
DA:58,34
DA:59,34
DA:60,34
DA:61,34
DA:62,34
DA:63,34
DA:64,35
DA:65,35
DA:66,35
LF:66
LH:56
BRDA:6,0,0,35
BRDA:13,1,0,36
BRDA:37,2,0,34
BRDA:44,3,0,34
BRF:4
BRH:4
end_of_record
TN:
SF:src/lib/generators/extensions/inbox-actions.ts
FN:16,createInboxActionsExtension
FN:23,scanModule
FN:33,writeConfig
FN:47,generateOutput
FN:54,build
FNF:5
FNH:4
FNDA:35,createInboxActionsExtension
FNDA:36,scanModule
FNDA:0,writeConfig
FNDA:34,generateOutput
FNDA:34,build
DA:1,1
DA:2,1
DA:3,1
DA:4,1
DA:5,1
DA:6,1
DA:7,1
DA:8,1
DA:9,1
DA:10,1
DA:11,1
DA:12,1
DA:13,1
DA:14,1
DA:15,1
DA:16,35
DA:17,35
DA:18,35
DA:19,35
DA:20,35
DA:21,35
DA:22,35
DA:23,35
DA:24,36
DA:25,36
DA:26,36
DA:27,36
DA:28,36
DA:29,36
DA:30,36
DA:31,36
DA:32,36
DA:33,36
DA:34,0
DA:35,0
DA:36,0
DA:37,0
DA:38,0
DA:39,0
DA:40,0
DA:41,0
DA:42,0
DA:43,0
DA:44,36
DA:45,36
DA:46,35
DA:47,35
DA:48,34
DA:49,34
DA:50,34
DA:51,34
DA:52,34
DA:53,34
DA:54,34
DA:55,34
DA:56,34
DA:57,34
DA:58,34
DA:59,34
DA:60,34
DA:61,34
DA:62,34
DA:63,34
DA:64,34
DA:65,34
DA:66,34
DA:67,34
DA:68,34
DA:69,34
DA:70,34
DA:71,34
DA:72,34
DA:73,34
DA:74,34
DA:75,34
DA:76,34
DA:77,34
DA:78,34
DA:79,34
DA:80,34
DA:81,34
DA:82,34
DA:83,34
DA:84,34
DA:85,34
DA:86,34
DA:87,34
DA:88,34
DA:89,34
DA:90,34
DA:91,34
DA:92,34
DA:93,34
DA:94,34
DA:95,34
DA:96,34
DA:97,34
DA:98,34
DA:99,34
DA:100,34
DA:101,34
DA:102,34
DA:103,34
DA:104,34
DA:105,34
DA:106,34
DA:107,34
DA:108,34
DA:109,34
DA:110,34
DA:111,34
DA:112,34
DA:113,34
DA:114,34
DA:115,34
DA:116,34
DA:117,34
DA:118,34
DA:119,34
DA:120,34
DA:121,34
DA:122,34
DA:123,34
DA:124,34
DA:125,34
DA:126,34
DA:127,34
DA:128,34
DA:129,34
DA:130,34
DA:131,34
DA:132,34
DA:133,34
DA:134,34
DA:135,34
DA:136,34
DA:137,34
DA:138,34
DA:139,35
DA:140,35
DA:141,35
LF:141
LH:131
BRDA:16,0,0,35
BRDA:23,1,0,36
BRDA:47,2,0,34
BRDA:54,3,0,34
BRF:4
BRH:4
end_of_record
TN:
SF:src/lib/generators/extensions/index.ts
FN:19,loadGeneratorExtensions
FNF:1
FNH:1
FNDA:35,loadGeneratorExtensions
DA:1,1
DA:2,1
DA:3,1
DA:4,1
DA:5,1
DA:6,1
DA:7,1
DA:8,1
DA:9,1
DA:10,1
DA:11,1
DA:12,1
DA:13,1
DA:14,1
DA:15,1
DA:16,1
DA:17,1
DA:18,1
DA:19,35
DA:20,35
DA:21,35
DA:22,35
DA:23,35
DA:24,35
DA:25,35
DA:26,35
DA:27,35
DA:28,35
DA:29,35
DA:30,35
DA:31,35
DA:32,35
DA:33,35
DA:34,35
DA:35,35
DA:36,35
DA:37,35
DA:38,35
LF:38
LH:38
BRDA:19,0,0,35
BRF:1
BRH:1
end_of_record
TN:
SF:src/lib/generators/extensions/injection-widgets.ts
FN:29,createInjectionWidgetsExtension
FN:36,scanModule
FN:67,generateOutput
FN:97,build
FN:133,build
FNF:5
FNH:5
FNDA:35,createInjectionWidgetsExtension
FNDA:36,scanModule
FNDA:34,generateOutput
FNDA:34,build
FNDA:34,build
DA:1,1
DA:2,1
DA:3,1
DA:4,1
DA:5,1
DA:6,1
DA:7,1
DA:8,1
DA:9,1
DA:10,1
DA:11,1
DA:12,1
DA:13,1
DA:14,1
DA:15,1
DA:16,1
DA:17,1
DA:18,1
DA:19,1
DA:20,1
DA:21,1
DA:22,1
DA:23,1
DA:24,1
DA:25,1
DA:26,1
DA:27,1
DA:28,1
DA:29,35
DA:30,35
DA:31,35
DA:32,35
DA:33,35
DA:34,35
DA:35,35
DA:36,35
DA:37,36
DA:38,36
DA:39,1
DA:40,1
DA:41,1
DA:42,1
DA:43,1
DA:44,1
DA:45,1
DA:46,1
DA:47,1
DA:48,1
DA:49,1
DA:50,1
DA:51,1
DA:52,1
DA:53,1
DA:54,1
DA:55,1
DA:56,1
DA:57,36
DA:58,36
DA:59,36
DA:60,0
DA:61,0
DA:62,0
DA:63,0
DA:64,0
DA:65,0
DA:66,35
DA:67,35
DA:68,34
DA:69,34
DA:70,34
DA:71,1
DA:72,1
DA:73,1
DA:74,1
DA:75,1
DA:76,1
DA:77,1
DA:78,1
DA:79,1
DA:80,1
DA:81,1
DA:82,1
DA:83,1
DA:84,1
DA:85,1
DA:86,1
DA:87,1
DA:88,1
DA:89,34
DA:90,34
DA:91,34
DA:92,34
DA:93,34
DA:94,34
DA:95,34
DA:96,34
DA:97,34
DA:98,34
DA:99,34
DA:100,34
DA:101,34
DA:102,34
DA:103,34
DA:104,34
DA:105,34
DA:106,34
DA:107,34
DA:108,34
DA:109,34
DA:110,34
DA:111,34
DA:112,34
DA:113,34
DA:114,0
DA:115,0
DA:116,0
DA:117,0
DA:118,0
DA:119,0
DA:120,0
DA:121,0
DA:122,0
DA:123,0
DA:124,0
DA:125,34
DA:126,34
DA:127,34
DA:128,34
DA:129,34
DA:130,34
DA:131,34
DA:132,34
DA:133,34
DA:134,34
DA:135,34
DA:136,34
DA:137,34
DA:138,34
DA:139,34
DA:140,34
DA:141,34
DA:142,34
DA:143,34
DA:144,34
DA:145,34
DA:146,34
DA:147,34
DA:148,34
DA:149,34
DA:150,34
DA:151,34
DA:152,35
DA:153,35
DA:154,35
LF:154
LH:137
BRDA:29,0,0,35
BRDA:36,1,0,36
BRDA:38,2,0,1
BRDA:40,3,0,0
BRDA:43,4,0,0
BRDA:49,5,0,0
BRDA:53,6,0,0
BRDA:59,7,0,0
BRDA:67,8,0,34
BRDA:70,9,0,1
BRDA:97,10,0,34
BRDA:133,11,0,34
BRF:12
BRH:7
end_of_record
TN:
SF:src/lib/generators/extensions/interceptors.ts
FN:6,createInterceptorsExtension
FN:13,scanModule
FN:23,writeConfig
FN:37,generateOutput
FN:44,build
FNF:5
FNH:4
FNDA:35,createInterceptorsExtension
FNDA:36,scanModule
FNDA:0,writeConfig
FNDA:34,generateOutput
FNDA:34,build
DA:1,1
DA:2,1
DA:3,1
DA:4,1
DA:5,1
DA:6,35
DA:7,35
DA:8,35
DA:9,35
DA:10,35
DA:11,35
DA:12,35
DA:13,35
DA:14,36
DA:15,36
DA:16,36
DA:17,36
DA:18,36
DA:19,36
DA:20,36
DA:21,36
DA:22,36
DA:23,36
DA:24,0
DA:25,0
DA:26,0
DA:27,0
DA:28,0
DA:29,0
DA:30,0
DA:31,0
DA:32,0
DA:33,0
DA:34,36
DA:35,36
DA:36,35
DA:37,35
DA:38,34
DA:39,34
DA:40,34
DA:41,34
DA:42,34
DA:43,34
DA:44,34
DA:45,34
DA:46,34
DA:47,34
DA:48,34
DA:49,34
DA:50,34
DA:51,34
DA:52,34
DA:53,34
DA:54,34
DA:55,34
DA:56,34
DA:57,34
DA:58,34
DA:59,34
DA:60,34
DA:61,34
DA:62,34
DA:63,34
DA:64,35
DA:65,35
DA:66,35
LF:66
LH:56
BRDA:6,0,0,35
BRDA:13,1,0,36
BRDA:37,2,0,34
BRDA:44,3,0,34
BRF:4
BRH:4
end_of_record
TN:
SF:src/lib/generators/extensions/messages.ts
FN:25,createMessagesExtension
FN:38,scanModule
FN:48,writeConfig
FN:71,writeConfig
FN:85,generateOutput
FN:92,build
FN:159,build
FN:243,build
FN:447,body
FNF:9
FNH:7
FNDA:35,createMessagesExtension
FNDA:36,scanModule
FNDA:0,writeConfig
FNDA:0,writeConfig
FNDA:34,generateOutput
FNDA:34,build
FNDA:34,build
FNDA:34,build
FNDA:34,body
DA:1,1
DA:2,1
DA:3,1
DA:4,1
DA:5,1
DA:6,1
DA:7,1
DA:8,1
DA:9,1
DA:10,1
DA:11,1
DA:12,1
DA:13,1
DA:14,1
DA:15,1
DA:16,1
DA:17,1
DA:18,1
DA:19,1
DA:20,1
DA:21,1
DA:22,1
DA:23,1
DA:24,1
DA:25,35
DA:26,35
DA:27,35
DA:28,35
DA:29,35
DA:30,35
DA:31,35
DA:32,35
DA:33,35
DA:34,35
DA:35,35
DA:36,35
DA:37,35
DA:38,35
DA:39,36
DA:40,36
DA:41,36
DA:42,36
DA:43,36
DA:44,36
DA:45,36
DA:46,36
DA:47,36
DA:48,36
DA:49,0
DA:50,0
DA:51,0
DA:52,0
DA:53,0
DA:54,0
DA:55,0
DA:56,0
DA:57,0
DA:58,0
DA:59,36
DA:60,36
DA:61,36
DA:62,36
DA:63,36
DA:64,36
DA:65,36
DA:66,36
DA:67,36
DA:68,36
DA:69,36
DA:70,36
DA:71,36
DA:72,0
DA:73,0
DA:74,0
DA:75,0
DA:76,0
DA:77,0
DA:78,0
DA:79,0
DA:80,0
DA:81,0
DA:82,36
DA:83,36
DA:84,35
DA:85,35
DA:86,34
DA:87,34
DA:88,34
DA:89,34
DA:90,34
DA:91,34
DA:92,34
DA:93,34
DA:94,34
DA:95,34
DA:96,34
DA:97,34
DA:98,34
DA:99,34
DA:100,34
DA:101,34
DA:102,34
DA:103,34
DA:104,34
DA:105,34
DA:106,34
DA:107,34
DA:108,34
DA:109,34
DA:110,34
DA:111,34
DA:112,34
DA:113,34
DA:114,34
DA:115,34
DA:116,34
DA:117,34
DA:118,34
DA:119,34
DA:120,34
DA:121,34
DA:122,34
DA:123,34
DA:124,34
DA:125,34
DA:126,34
DA:127,34
DA:128,34
DA:129,34
DA:130,34
DA:131,34
DA:132,34
DA:133,34
DA:134,34
DA:135,34
DA:136,34
DA:137,34
DA:138,34
DA:139,34
DA:140,34
DA:141,34
DA:142,34
DA:143,34
DA:144,34
DA:145,34
DA:146,34
DA:147,34
DA:148,34
DA:149,34
DA:150,34
DA:151,34
DA:152,34
DA:153,34
DA:154,34
DA:155,34
DA:156,34
DA:157,34
DA:158,34
DA:159,34
DA:160,34
DA:161,34
DA:162,34
DA:163,34
DA:164,34
DA:165,34
DA:166,34
DA:167,34
DA:168,34
DA:169,34
DA:170,34
DA:171,34
DA:172,34
DA:173,34
DA:174,34
DA:175,34
DA:176,34
DA:177,34
DA:178,34
DA:179,34
DA:180,34
DA:181,34
DA:182,34
DA:183,34
DA:184,34
DA:185,34
DA:186,34
DA:187,34
DA:188,34
DA:189,34
DA:190,34
DA:191,34
DA:192,34
DA:193,34
DA:194,34
DA:195,34
DA:196,34
DA:197,34
DA:198,34
DA:199,34
DA:200,34
DA:201,34
DA:202,34
DA:203,34
DA:204,34
DA:205,34
DA:206,34
DA:207,34
DA:208,34
DA:209,34
DA:210,34
DA:211,34
DA:212,34
DA:213,34
DA:214,34
DA:215,34
DA:216,34
DA:217,34
DA:218,34
DA:219,34
DA:220,34
DA:221,34
DA:222,34
DA:223,34
DA:224,34
DA:225,34
DA:226,34
DA:227,34
DA:228,34
DA:229,34
DA:230,34
DA:231,34
DA:232,34
DA:233,34
DA:234,34
DA:235,34
DA:236,34
DA:237,34
DA:238,34
DA:239,34
DA:240,34
DA:241,34
DA:242,34
DA:243,34
DA:244,34
DA:245,34
DA:246,34
DA:247,34
DA:248,34
DA:249,34
DA:250,34
DA:251,34
DA:252,34
DA:253,34
DA:254,34
DA:255,34
DA:256,34
DA:257,34
DA:258,34
DA:259,34
DA:260,34
DA:261,34
DA:262,34
DA:263,34
DA:264,34
DA:265,34
DA:266,34
DA:267,34
DA:268,34
DA:269,34
DA:270,34
DA:271,34
DA:272,34
DA:273,34
DA:274,34
DA:275,34
DA:276,34
DA:277,34
DA:278,34
DA:279,34
DA:280,34
DA:281,34
DA:282,34
DA:283,34
DA:284,34
DA:285,34
DA:286,34
DA:287,34
DA:288,34
DA:289,34
DA:290,34
DA:291,34
DA:292,34
DA:293,34
DA:294,34
DA:295,34
DA:296,34
DA:297,34
DA:298,34
DA:299,34
DA:300,34
DA:301,34
DA:302,34
DA:303,34
DA:304,34
DA:305,34
DA:306,34
DA:307,34
DA:308,34
DA:309,34
DA:310,34
DA:311,34
DA:312,34
DA:313,34
DA:314,34
DA:315,34
DA:316,34
DA:317,34
DA:318,34
DA:319,34
DA:320,34
DA:321,34
DA:322,34
DA:323,34
DA:324,34
DA:325,34
DA:326,34
DA:327,34
DA:328,34
DA:329,34
DA:330,34
DA:331,34
DA:332,34
DA:333,34
DA:334,34
DA:335,34
DA:336,34
DA:337,34
DA:338,34
DA:339,34
DA:340,34
DA:341,34
DA:342,34
DA:343,34
DA:344,34
DA:345,34
DA:346,34
DA:347,34
DA:348,34
DA:349,34
DA:350,34
DA:351,34
DA:352,34
DA:353,34
DA:354,34
DA:355,34
DA:356,34
DA:357,34
DA:358,34
DA:359,34
DA:360,34
DA:361,34
DA:362,34
DA:363,34
DA:364,34
DA:365,34
DA:366,34
DA:367,34
DA:368,34
DA:369,34
DA:370,34
DA:371,34
DA:372,34
DA:373,34
DA:374,34
DA:375,34
DA:376,34
DA:377,34
DA:378,34
DA:379,34
DA:380,34
DA:381,34
DA:382,34
DA:383,34
DA:384,34
DA:385,34
DA:386,34
DA:387,34
DA:388,34
DA:389,34
DA:390,34
DA:391,34
DA:392,34
DA:393,34
DA:394,34
DA:395,34
DA:396,34
DA:397,34
DA:398,34
DA:399,34
DA:400,34
DA:401,34
DA:402,34
DA:403,34
DA:404,34
DA:405,34
DA:406,34
DA:407,34
DA:408,34
DA:409,34
DA:410,34
DA:411,34
DA:412,34
DA:413,34
DA:414,34
DA:415,34
DA:416,34
DA:417,34
DA:418,34
DA:419,34
DA:420,34
DA:421,34
DA:422,34
DA:423,34
DA:424,34
DA:425,34
DA:426,34
DA:427,34
DA:428,34
DA:429,34
DA:430,34
DA:431,34
DA:432,34
DA:433,34
DA:434,34
DA:435,34
DA:436,34
DA:437,34
DA:438,34
DA:439,34
DA:440,34
DA:441,34
DA:442,34
DA:443,34
DA:444,34
DA:445,34
DA:446,34
DA:447,34
DA:448,34
DA:449,34
DA:450,34
DA:451,34
DA:452,34
DA:453,34
DA:454,34
DA:455,34
DA:456,34
DA:457,34
DA:458,34
DA:459,34
DA:460,34
DA:461,34
DA:462,34
DA:463,34
DA:464,34
DA:465,34
DA:466,34
DA:467,34
DA:468,34
DA:469,34
DA:470,34
DA:471,34
DA:472,34
DA:473,34
DA:474,34
DA:475,34
DA:476,34
DA:477,34
DA:478,34
DA:479,34
DA:480,34
DA:481,34
DA:482,34
DA:483,34
DA:484,34
DA:485,34
DA:486,34
DA:487,34
DA:488,34
DA:489,34
DA:490,34
DA:491,34
DA:492,34
DA:493,34
DA:494,34
DA:495,34
DA:496,35
DA:497,35
DA:498,35
LF:498
LH:478
BRDA:25,0,0,35
BRDA:38,1,0,36
BRDA:85,2,0,34
BRDA:92,3,0,34
BRDA:159,4,0,34
BRDA:243,5,0,34
BRDA:447,6,0,34
BRDA:448,7,0,34
BRF:8
BRH:8
end_of_record
TN:
SF:src/lib/generators/extensions/notifications.ts
FN:26,createNotificationsExtension
FN:43,scanModule
FN:53,writeConfig
FN:76,writeConfig
FN:107,writeConfig
FN:121,generateOutput
FN:128,build
FN:198,build
FN:275,build
FN:292,build
FNF:10
FNH:8
FNDA:35,createNotificationsExtension
FNDA:36,scanModule
FNDA:1,writeConfig
FNDA:0,writeConfig
FNDA:0,writeConfig
FNDA:34,generateOutput
FNDA:34,build
FNDA:34,build
FNDA:34,build
FNDA:34,build
DA:1,1
DA:2,1
DA:3,1
DA:4,1
DA:5,1
DA:6,1
DA:7,1
DA:8,1
DA:9,1
DA:10,1
DA:11,1
DA:12,1
DA:13,1
DA:14,1
DA:15,1
DA:16,1
DA:17,1
DA:18,1
DA:19,1
DA:20,1
DA:21,1
DA:22,1
DA:23,1
DA:24,1
DA:25,1
DA:26,35
DA:27,35
DA:28,35
DA:29,35
DA:30,35
DA:31,35
DA:32,35
DA:33,35
DA:34,35
DA:35,35
DA:36,35
DA:37,35
DA:38,35
DA:39,35
DA:40,35
DA:41,35
DA:42,35
DA:43,35
DA:44,36
DA:45,36
DA:46,36
DA:47,36
DA:48,36
DA:49,36
DA:50,36
DA:51,36
DA:52,36
DA:53,36
DA:54,1
DA:55,1
DA:56,1
DA:57,1
DA:58,1
DA:59,1
DA:60,1
DA:61,1
DA:62,1
DA:63,1
DA:64,36
DA:65,36
DA:66,36
DA:67,36
DA:68,36
DA:69,36
DA:70,36
DA:71,36
DA:72,36
DA:73,36
DA:74,36
DA:75,36
DA:76,36
DA:77,0
DA:78,0
DA:79,0
DA:80,0
DA:81,0
DA:82,0
DA:83,0
DA:84,0
DA:85,0
DA:86,0
DA:87,36
DA:88,36
DA:89,36
DA:90,36
DA:91,36
DA:92,36
DA:93,36
DA:94,36
DA:95,0
DA:96,0
DA:97,36
DA:98,36
DA:99,36
DA:100,36
DA:101,36
DA:102,36
DA:103,36
DA:104,36
DA:105,36
DA:106,36
DA:107,36
DA:108,0
DA:109,0
DA:110,0
DA:111,0
DA:112,0
DA:113,0
DA:114,0
DA:115,0
DA:116,0
DA:117,0
DA:118,36
DA:119,36
DA:120,35
DA:121,35
DA:122,34
DA:123,34
DA:124,34
DA:125,34
DA:126,34
DA:127,34
DA:128,34
DA:129,34
DA:130,34
DA:131,34
DA:132,34
DA:133,34
DA:134,34
DA:135,34
DA:136,34
DA:137,34
DA:138,34
DA:139,34
DA:140,34
DA:141,34
DA:142,34
DA:143,34
DA:144,34
DA:145,34
DA:146,34
DA:147,34
DA:148,34
DA:149,34
DA:150,34
DA:151,34
DA:152,34
DA:153,34
DA:154,34
DA:155,34
DA:156,34
DA:157,34
DA:158,34
DA:159,34
DA:160,34
DA:161,34
DA:162,34
DA:163,34
DA:164,34
DA:165,34
DA:166,34
DA:167,34
DA:168,34
DA:169,34
DA:170,34
DA:171,34
DA:172,34
DA:173,34
DA:174,34
DA:175,34
DA:176,34
DA:177,34
DA:178,34
DA:179,34
DA:180,34
DA:181,34
DA:182,34
DA:183,34
DA:184,34
DA:185,34
DA:186,34
DA:187,34
DA:188,34
DA:189,34
DA:190,34
DA:191,34
DA:192,34
DA:193,34
DA:194,34
DA:195,34
DA:196,34
DA:197,34
DA:198,34
DA:199,34
DA:200,34
DA:201,34
DA:202,34
DA:203,34
DA:204,34
DA:205,34
DA:206,34
DA:207,34
DA:208,34
DA:209,34
DA:210,34
DA:211,34
DA:212,34
DA:213,34
DA:214,34
DA:215,34
DA:216,34
DA:217,34
DA:218,34
DA:219,34
DA:220,34
DA:221,34
DA:222,34
DA:223,34
DA:224,34
DA:225,34
DA:226,34
DA:227,34
DA:228,34
DA:229,34
DA:230,34
DA:231,34
DA:232,34
DA:233,34
DA:234,34
DA:235,34
DA:236,34
DA:237,34
DA:238,34
DA:239,34
DA:240,34
DA:241,34
DA:242,34
DA:243,34
DA:244,34
DA:245,34
DA:246,34
DA:247,34
DA:248,34
DA:249,34
DA:250,34
DA:251,34
DA:252,34
DA:253,34
DA:254,34
DA:255,34
DA:256,34
DA:257,34
DA:258,34
DA:259,34
DA:260,34
DA:261,34
DA:262,34
DA:263,34
DA:264,34
DA:265,34
DA:266,34
DA:267,34
DA:268,34
DA:269,34
DA:270,34
DA:271,34
DA:272,34
DA:273,34
DA:274,34
DA:275,34
DA:276,34
DA:277,34
DA:278,34
DA:279,34
DA:280,34
DA:281,34
DA:282,34
DA:283,34
DA:284,34
DA:285,34
DA:286,34
DA:287,34
DA:288,34
DA:289,34
DA:290,34
DA:291,34
DA:292,34
DA:293,34
DA:294,34
DA:295,34
DA:296,34
DA:297,34
DA:298,34
DA:299,34
DA:300,34
DA:301,34
DA:302,34
DA:303,34
DA:304,34
DA:305,34
DA:306,34
DA:307,34
DA:308,34
DA:309,34
DA:310,34
DA:311,34
DA:312,34
DA:313,34
DA:314,34
DA:315,34
DA:316,34
DA:317,35
DA:318,35
DA:319,35
LF:319
LH:297
BRDA:26,0,0,35
BRDA:43,1,0,36
BRDA:94,2,0,0
BRDA:53,3,0,1
BRDA:121,4,0,34
BRDA:128,5,0,34
BRDA:198,6,0,34
BRDA:275,7,0,34
BRDA:292,8,0,34
BRF:9
BRH:8
end_of_record
TN:
SF:src/lib/generators/extensions/page-middleware.ts
FN:6,createPageMiddlewareExtension
FN:15,scanModule
FN:25,writeConfig
FN:48,writeConfig
FN:62,generateOutput
FN:75,build
FN:116,build
FNF:7
FNH:7
FNDA:35,createPageMiddlewareExtension
FNDA:36,scanModule
FNDA:1,writeConfig
FNDA:1,writeConfig
FNDA:34,generateOutput
FNDA:34,build
FNDA:34,build
DA:1,1
DA:2,1
DA:3,1
DA:4,1
DA:5,1
DA:6,35
DA:7,35
DA:8,35
DA:9,35
DA:10,35
DA:11,35
DA:12,35
DA:13,35
DA:14,35
DA:15,35
DA:16,36
DA:17,36
DA:18,36
DA:19,36
DA:20,36
DA:21,36
DA:22,36
DA:23,36
DA:24,36
DA:25,36
DA:26,1
DA:27,1
DA:28,1
DA:29,1
DA:30,1
DA:31,1
DA:32,1
DA:33,1
DA:34,1
DA:35,1
DA:36,36
DA:37,36
DA:38,36
DA:39,36
DA:40,36
DA:41,36
DA:42,36
DA:43,36
DA:44,36
DA:45,36
DA:46,36
DA:47,36
DA:48,36
DA:49,1
DA:50,1
DA:51,1
DA:52,1
DA:53,1
DA:54,1
DA:55,1
DA:56,1
DA:57,1
DA:58,1
DA:59,36
DA:60,36
DA:61,35
DA:62,35
DA:63,34
DA:64,34
DA:65,34
DA:66,34
DA:67,34
DA:68,34
DA:69,34
DA:70,34
DA:71,34
DA:72,34
DA:73,34
DA:74,34
DA:75,34
DA:76,34
DA:77,34
DA:78,34
DA:79,34
DA:80,34
DA:81,34
DA:82,34
DA:83,34
DA:84,34
DA:85,34
DA:86,34
DA:87,34
DA:88,34
DA:89,34
DA:90,34
DA:91,34
DA:92,34
DA:93,34
DA:94,34
DA:95,34
DA:96,34
DA:97,34
DA:98,34
DA:99,34
DA:100,34
DA:101,34
DA:102,34
DA:103,34
DA:104,34
DA:105,34
DA:106,34
DA:107,34
DA:108,34
DA:109,34
DA:110,34
DA:111,34
DA:112,34
DA:113,34
DA:114,34
DA:115,34
DA:116,34
DA:117,34
DA:118,34
DA:119,34
DA:120,34
DA:121,34
DA:122,34
DA:123,34
DA:124,34
DA:125,34
DA:126,34
DA:127,34
DA:128,34
DA:129,34
DA:130,34
DA:131,34
DA:132,34
DA:133,34
DA:134,34
DA:135,34
DA:136,34
DA:137,34
DA:138,34
DA:139,34
DA:140,34
DA:141,34
DA:142,34
DA:143,34
DA:144,34
DA:145,34
DA:146,34
DA:147,34
DA:148,34
DA:149,35
DA:150,35
DA:151,35
LF:151
LH:151
BRDA:6,0,0,35
BRDA:15,1,0,36
BRDA:25,2,0,1
BRDA:48,3,0,1
BRDA:62,4,0,34
BRDA:75,5,0,34
BRDA:116,6,0,34
BRF:7
BRH:7
end_of_record
TN:
SF:src/lib/generators/extensions/search.ts
FN:15,createSearchExtension
FN:22,scanModule
FN:32,writeConfig
FN:46,generateOutput
FN:53,build
FNF:5
FNH:5
FNDA:35,createSearchExtension
FNDA:36,scanModule
FNDA:1,writeConfig
FNDA:34,generateOutput
FNDA:34,build
DA:1,1
DA:2,1
DA:3,1
DA:4,1
DA:5,1
DA:6,1
DA:7,1
DA:8,1
DA:9,1
DA:10,1
DA:11,1
DA:12,1
DA:13,1
DA:14,1
DA:15,35
DA:16,35
DA:17,35
DA:18,35
DA:19,35
DA:20,35
DA:21,35
DA:22,35
DA:23,36
DA:24,36
DA:25,36
DA:26,36
DA:27,36
DA:28,36
DA:29,36
DA:30,36
DA:31,36
DA:32,36
DA:33,1
DA:34,1
DA:35,1
DA:36,1
DA:37,1
DA:38,1
DA:39,1
DA:40,1
DA:41,1
DA:42,1
DA:43,36
DA:44,36
DA:45,35
DA:46,35
DA:47,34
DA:48,34
DA:49,34
DA:50,34
DA:51,34
DA:52,34
DA:53,34
DA:54,34
DA:55,34
DA:56,34
DA:57,34
DA:58,34
DA:59,34
DA:60,34
DA:61,34
DA:62,34
DA:63,34
DA:64,34
DA:65,34
DA:66,34
DA:67,34
DA:68,34
DA:69,34
DA:70,34
DA:71,34
DA:72,34
DA:73,34
DA:74,34
DA:75,34
DA:76,34
DA:77,34
DA:78,34
DA:79,34
DA:80,34
DA:81,34
DA:82,34
DA:83,34
DA:84,34
DA:85,34
DA:86,34
DA:87,34
DA:88,34
DA:89,34
DA:90,34
DA:91,34
DA:92,34
DA:93,34
DA:94,34
DA:95,34
DA:96,34
DA:97,34
DA:98,34
DA:99,34
DA:100,34
DA:101,34
DA:102,34
DA:103,34
DA:104,34
DA:105,34
DA:106,34
DA:107,34
DA:108,34
DA:109,34
DA:110,34
DA:111,34
DA:112,34
DA:113,34
DA:114,35
DA:115,35
DA:116,35
LF:116
LH:116
BRDA:15,0,0,35
BRDA:22,1,0,36
BRDA:32,2,0,1
BRDA:46,3,0,34
BRDA:53,4,0,34
BRF:5
BRH:5
end_of_record
TN:
SF:src/lib/generators/extensions/shared.ts
FN:28,renderGeneratedTsSource
FN:44,namespaceImportSpec
FN:51,defaultImportSpec
FN:58,sideEffectImportSpec
FN:64,namespaceMember
FN:68,parenthesizedNamespaceMember
FN:72,fallbackChain
FN:76,namespaceFallback
FN:84,body
FN:117,emptyArray
FN:121,emptyObject
FN:125,moduleEntry
FN:135,dynamicImportExpression
FNF:13
FNH:7
FNDA:782,renderGeneratedTsSource
FNDA:0,namespaceImportSpec
FNDA:0,defaultImportSpec
FNDA:0,sideEffectImportSpec
FNDA:0,namespaceMember
FNDA:0,parenthesizedNamespaceMember
FNDA:0,fallbackChain
FNDA:16,namespaceFallback
FNDA:16,body
FNDA:59,emptyArray
FNDA:49,emptyObject
FNDA:6,moduleEntry
FNDA:6,dynamicImportExpression
DA:1,1
DA:2,1
DA:3,1
DA:4,1
DA:5,1
DA:6,1
DA:7,1
DA:8,1
DA:9,1
DA:10,1
DA:11,1
DA:12,1
DA:13,1
DA:14,1
DA:15,1
DA:16,1
DA:17,1
DA:18,1
DA:19,1
DA:20,1
DA:21,1
DA:22,1
DA:23,1
DA:24,1
DA:25,1
DA:26,1
DA:27,1
DA:28,782
DA:29,782
DA:30,782
DA:31,782
DA:32,782
DA:33,782
DA:34,782
DA:35,782
DA:36,782
DA:37,782
DA:38,782
DA:39,782
DA:40,782
DA:41,782
DA:42,782
DA:43,1
DA:44,0
DA:45,0
DA:46,0
DA:47,0
DA:48,0
DA:49,0
DA:50,1
DA:51,0
DA:52,0
DA:53,0
DA:54,0
DA:55,0
DA:56,0
DA:57,1
DA:58,0
DA:59,0
DA:60,0
DA:61,0
DA:62,0
DA:63,1
DA:64,0
DA:65,0
DA:66,0
DA:67,1
DA:68,0
DA:69,0
DA:70,0
DA:71,1
DA:72,0
DA:73,0
DA:74,0
DA:75,1
DA:76,16
DA:77,16
DA:78,16
DA:79,16
DA:80,16
DA:81,16
DA:82,16
DA:83,16
DA:84,16
DA:85,16
DA:86,16
DA:87,16
DA:88,16
DA:89,16
DA:90,16
DA:91,16
DA:92,16
DA:93,16
DA:94,16
DA:95,16
DA:96,16
DA:97,16
DA:98,16
DA:99,16
DA:100,16
DA:101,16
DA:102,16
DA:103,16
DA:104,16
DA:105,16
DA:106,16
DA:107,16
DA:108,16
DA:109,16
DA:110,16
DA:111,3
DA:112,3
DA:113,13
DA:114,13
DA:115,13
DA:116,1
DA:117,59
DA:118,59
DA:119,59
DA:120,1
DA:121,49
DA:122,49
DA:123,49
DA:124,1
DA:125,6
DA:126,6
DA:127,6
DA:128,6
DA:129,6
DA:130,6
DA:131,6
DA:132,6
DA:133,6
DA:134,1
DA:135,6
DA:136,6
DA:137,6
LF:137
LH:111
BRDA:28,0,0,782
BRDA:76,1,0,16
BRDA:110,2,0,3
BRDA:113,3,0,13
BRDA:84,4,0,16
BRDA:85,5,0,16
BRDA:117,6,0,59
BRDA:121,7,0,49
BRDA:125,8,0,6
BRDA:135,9,0,6
BRF:10
BRH:10
end_of_record
TN:
SF:src/lib/generators/extensions/translatable-fields.ts
FN:22,createTranslatableFieldsExtension
FN:29,scanModule
FN:40,writeConfig
FN:54,getModuleDeclContribution
FN:57,generateOutput
FN:64,build
FN:82,body
FNF:7
FNH:6
FNDA:35,createTranslatableFieldsExtension
FNDA:36,scanModule
FNDA:2,writeConfig
FNDA:0,getModuleDeclContribution
FNDA:34,generateOutput
FNDA:34,build
FNDA:34,body
DA:1,1
DA:2,1
DA:3,1
DA:4,1
DA:5,1
DA:6,1
DA:7,1
DA:8,1
DA:9,1
DA:10,1
DA:11,1
DA:12,1
DA:13,1
DA:14,1
DA:15,1
DA:16,1
DA:17,1
DA:18,1
DA:19,1
DA:20,1
DA:21,1
DA:22,35
DA:23,35
DA:24,35
DA:25,35
DA:26,35
DA:27,35
DA:28,35
DA:29,35
DA:30,36
DA:31,36
DA:32,36
DA:33,36
DA:34,36
DA:35,36
DA:36,36
DA:37,36
DA:38,36
DA:39,36
DA:40,36
DA:41,2
DA:42,2
DA:43,2
DA:44,2
DA:45,2
DA:46,2
DA:47,2
DA:48,2
DA:49,2
DA:50,2
DA:51,36
DA:52,36
DA:53,35
DA:54,35
DA:55,0
DA:56,35
DA:57,35
DA:58,34
DA:59,34
DA:60,34
DA:61,34
DA:62,34
DA:63,34
DA:64,34
DA:65,34
DA:66,34
DA:67,34
DA:68,34
DA:69,34
DA:70,34
DA:71,34
DA:72,34
DA:73,34
DA:74,34
DA:75,34
DA:76,34
DA:77,34
DA:78,34
DA:79,34
DA:80,34
DA:81,34
DA:82,34
DA:83,34
DA:84,34
DA:85,34
DA:86,34
DA:87,34
DA:88,34
DA:89,34
DA:90,34
DA:91,34
DA:92,34
DA:93,34
DA:94,34
DA:95,34
DA:96,34
DA:97,34
DA:98,34
DA:99,34
DA:100,34
DA:101,34
DA:102,34
DA:103,34
DA:104,34
DA:105,34
DA:106,34
DA:107,34
DA:108,34
DA:109,34
DA:110,34
DA:111,34
DA:112,34
DA:113,34
DA:114,34
DA:115,34
DA:116,34
DA:117,34
DA:118,34
DA:119,34
DA:120,34
DA:121,34
DA:122,34
DA:123,34
DA:124,34
DA:125,34
DA:126,34
DA:127,34
DA:128,34
DA:129,34
DA:130,34
DA:131,34
DA:132,34
DA:133,35
DA:134,35
DA:135,35
LF:135
LH:134
BRDA:22,0,0,35
BRDA:29,1,0,36
BRDA:40,2,0,2
BRDA:57,3,0,34
BRDA:64,4,0,34
BRDA:82,5,0,34
BRDA:83,6,0,34
BRF:7
BRH:7
end_of_record
